[    0.000000] Initializing cgroup subsys cpuset
[    0.000000] Initializing cgroup subsys cu
[    0.000000] Initializing cgroup subsys cpuacct
[    0.000000] Linux version 4.4.0-154-generic (buildd@lgw01-amd64-049) (gcc version 5.4.0 20160609 (Ubuntu 5.4.0-6ubuntu1~16.04.10) ) #181-Ubuntu SMP Tue Jun 25 05:29:03 UTC 2019 (Ubuntu 4.4.0-154.181-generic 4.4.179)
[    0.000000] Command line: BOOT_IMAGE=/boot/vmlinuz-4.4.0-154-generic root=LABEL=cloudimg-rootfs ro console=tty1 console=ttyS0
[    0.000000] KERNEL supported cpus:
[    0.000000]   Intel GenuineIntel
[    0.000000]   AMD AuthenticAMD
[    0.000000]   Centaur CentaurHauls
[    0.000000] x86/fpu: Legacy x87 FPU detected.
[    0.000000] e820: BIOS-provided physical RAM map:
[    0.000000] BIOS-e820: [mem 0x0000000000000000-0x000000000009fbff] usable
[    0.000000] BIOS-e820: [mem 0x000000000009fc00-0x000000000009ffff] reserved
[    0.000000] BIOS-e820: [mem 0x00000000000f0000-0x00000000000fffff] reserved
[    0.000000] BIOS-e820: [mem 0x0000000000100000-0x000000003ffeffff] usable
[    0.000000] BIOS-e820: [mem 0x000000003fff0000-0x000000003fffffff] ACPI data
[    0.000000] BIOS-e820: [mem 0x00000000fec00000-0x00000000fec00fff] reserved
[    0.000000] BIOS-e820: [mem 0x00000000fee00000-0x00000000fee00fff] reserved
[    0.000000] BIOS-e820: [mem 0x00000000fffc0000-0x00000000ffffffff] reserved
[    0.000000] NX (Execute Disable) protection: active
[    0.000000] SMBIOS 2.5 present.
[    0.000000] Hypervisor detected: KVM
[    0.000000] e820: last_pfn = 0x3fff0 max_arch_pfn = 0x400000000
[    0.000000] MTRR: Disabled
[    0.000000] x86/PAT: MTRRs disabled, skipping PAT initialization too.
[    0.000000] CPU MTRRs all blank - virtualized system.
[    0.000000] x86/PAT: Configuration [0-7]: WB  WT  UC- UC  WB  WT  UC- UC  
[    0.000000] found SMP MP-table at [mem 0x0009fff0-0x0009ffff] mapped at [ffff88000009fff0]
[    0.000000] Scanning 1 areas for low memory corruption
[    0.000000] RAMDISK: [mem 0x362fa000-0x37174fff]
[    0.000000] ACPI: Early table checksum verification disabled
[    0.000000] ACPI: RSDP 0x00000000000E0000 000024 (v02 VBOX  )
[    0.000000] PI: XSDT 0x000000003FFF0030 00003C (v01 VBOX   VBOXXSDT 00000001 ASL  00000061)
[    0.000000] ACPI: FACP 0x000000003FFF00F0 0000F4 (v04 VBOX   VBOXFACP 00000001 ASL  00000061)
[    0.000000] ACPI: DSDT 0x000000003FFF0470 0021FF (v02 VBOX   VBOXBIOS 00000002 INTL 20180105)
[    0.000000] ACPI: FACS 0x000000003FFF0200 000040
[    0.000000] ACPI: FACS 0x000000003FFF0200 000040
[    0.000000] ACPI: APIC 0x000000003FFF0240 00005C (v02 VBOX   VBOXAPIC 00000001 ASL  00000061)
[    0.000000] ACPI: SSDT 0x000000003FFF02A0 0001CC (v01 VBOX   VBOXCPUT 00000002 INTL 20180105)
[    0.000000] No NUMA configuration found
[    0.000000] Faking a node at [mem 0x0000000000000000-0x000000003ffeffff]
[    0.000000] NODE_DATA(0) allocated [mem 0x3ffeb000-0x3ffeffff]
[    0.000000] kvm-clock: Using msrs 4b564d01 and 4b564d00
[    0.000000] kvm-clock: cpu 0, msr 0:3ffe3001, primary cpu clock
[    0.000000] kvm-clock: using sched offset of 5031934341 cycles
[    0.000000] clocksource: kvm-clock: mask: 0xffffffffffffffff max_cycles: 0x1cd42e4dffb, max_idle_ns: 881590591483 ns
[    0.000000] Zone ranges:
[    0.000000]   DMA      [mem 0x0000000000001000-0x0000000000ffffff]
[    0.000000]   DMA32    [mem 0x0000000001000000-0x000000003ffeffff]
[    0.000000]   Normal   empty
[    0.000000]   Device   empty
[    0.000000] Movable zone start for each node
[    0.000000] Early memory node ranges
[    0.000000]   node   0: [mem 0x0000000000001000-0x000000000009efff]
[    0.000000]   node   0: [mem 0x0000000000100000-0x000000003ffeffff]
[    0.000000] Initmem setu noe 0 [mem 0x0000000000001000-0x000000003ffeffff]
[    0.000000] ACPI: PM-Timer IO Port: 0x4008
[    0.000000] IOAPIC[0]: apic_id 2, version 32, address 0xfec00000, GSI 0-23
[    0.000000] ACPI: INT_SRC_OVR (bus 0 bus_irq 0 gloalirq 2 dfl dfl)
[    0.000000] ACPI: INT_RC_OV (bus  busrq 9 globairq 9 low level)
[    0.000000] Using ACPI (MADT) for SMP cnfguration information
[    0.000000] smpboot: Allowing 2 CPUs, 0 hotplug CPUs
[    0.000000] PM: Registered nosave memory: [mem 0x00000000-0x00000fff]
[    0.000000] PM: Registered nosave memory: [mem 0x0009f000-0x0009ffff]
[    0.000000] PM: Registered nosave memory: [mem 0x000a0000-0x000effff]
[    0.000000] PM: Registered nosave memory: [mem 0x000f0000-0x000fffff]
[    0.000000] e820: [mem 0x40000000-0xfebfffff] available for PCI devices
[    0.000000] Booting paravirtualized kernel on KVM
[    0.000000] clocksource: refined-jiffies: mask: 0xffffffff max_cycles: 0xffffffff, max_idle_ns: 7645519600211568 ns
[    0.000000] setup_percpu: NR_CPUS:512 nr_cpumask_bits:512 nr_cpu_ids:2 nr_node_ids:1
[    0.000000] PERCPU: Embedded 34 pages/cpu @ffff88003fc00000 s99480 r8192 d31592 u1048576
[    0.000000] Built 1 zonelists in Node order, mobility grouping on.  Total pages: 257912
[    0.000000] Policy zone: DMA32
[    0.000000] Kernel command line: BOOT_IMAGE=/boot/vmlinuz-4.4.0-154-generic root=LABEL=cloudimg-rootfs ro console=tty1 console=ttyS0
[    0.000000] PID hash table entries: 4096 (order: 3, 32768 bytes)
[    0.000000] Memory: 997732K/1048120K available (8613K kernel code, 1335K rwdata, 4028K rodata, 1484K init, 1284K bss, 50388K reserved, 0K cma-reserved)
[    0.000000] SLUB: HWalign=64, Order=0-3, MinObjects=0, CPUs=2, Nodes=1
[    0.000000] Kernel/User page tables isolation: enabled
[    0.000000] Hierarchical RCU implementation.
[    0.000000] 	Build-time adjustment of leaf fanout to 64.
[    0.000000] 	RCU restricting CPUs from NR_CPUS=512 to nr_cpu_ids=2.
[    0.000000] RCU: Adjusting geometry for rcu_fanout_leaf=64, nr_cpu_ids=2
[    0.000000] NR_IRQS:33024 nr_irqs:440 16
[    0.000000] Console: colour VGA+ 80x25
[    0.000000] console [tty1] enabled
[    0.000000] console [ttyS0] enabled
[    0.000000] tsc: Detected 2992.498 MHz processor
[    1.686309] Calibrating delay loop (skipped) preset value.. 5984.99 BogoMIPS (lpj=11969992)
[    1.690476] pid_max: default: 32768 minimum: 301
[    1.692778] ACPI: Core revision 20150930
[    1.696060] ACPI: 2 ACPI AML tables successfully acquired and loaded
[    1.699303] Security Framework initialized
[    1.701379] Yama: becoming mindful.
[    1.710326] AppArmor: AppArmor initialized
[    1.713173] Dentry cache hash table entries: 131072 (order: 8, 1048576 bytes)
[    1.717061] Inode-cache hash table entries: 65536 (order: 7, 524288 bytes)
[    1.720509] Mount-cache hash table entries: 2048 (order: 2, 16384 bytes)
[    1.723902] Mountpoint-cache hash table entries: 2048 (order: 2, 16384 bytes)
[    1.727979] Initializing cgroup subsys io
[    1.730246] Initializing cgroup subsys memory
[    1.732471] Initializing cgroup subsys devices
[    1.735730] Initializing cgroup subsys freezer
[    1.750175] Initializing cgroup subsys net_cls
[    1.753124] Initializing cgroup subsys perf_event
[    1.758325] Initializing cgroup subsys net_prio
[    1.760769] Initializing cgroup subsys hugetlb
[    1.762958] Initializing cgroup subsys pids
[    1.778008] mce: CPU supports 0 MCE banks
[    1.783998] Last level iTLB entries: 4KB 128, 2MB 4, 4MB 4
[    1.786588] Last level dTLB entries: 4KB 256, 2MB 0, 4MB 32, 1GB 0
[    1.789590] Spectre V2 : Mitigation: Full generic retpoline
[    1.794385] Spectre V2 : Spectre v2 / SpectreRSB mitigation: Filling RSB on context switch
[    1.803020] Speculative Store Bypass: Vulnerable
[    1.813603] MDS: Vulnerable: Clear CPU buffers attempted, no microcode
[    1.822438] Freeing SMP alternatives memory: 36K
[    1.843301] ftrace: allocating 32299 entries in 127 pages
[    1.938092] smpboot: APIC(0) Converting physical 0 to logical package 0
[    2.031735] smpboot: Max logical packages: 1
[    2.105597] x2apic enabled
[    2.145451] Switched APIC routing to physical x2apic.
[    2.217589] ..TIMER: vector=0x30 apic1=0 pin1=2 apic2=-1 pin2=-1
[    2.326910] smpboot: CPU0: Intel(R) Core(TM)2 Duo CPU     E8400  @ 3.00GHz (family: 0x6, model: 0x17, stepping: 0xa)
[    2.467683] Performance Events: unsupported p6 CPU model 23 no PMU driver, software events only.
[    2.695778] KVM setup paravirtual spinlock
[    2.746688] x86: Booting SMP configuration:
[    2.790827] .... node  #0, CPUs:      #1
[    2.839166] kvm-clock: cpu 1, msr 0:3ffe3041, secondary cpu clock
[    2.861645] mce: CPU supports 0 MCE banks
[    2.865824] x86: Booted up 1 node, 2 CPUs
[    2.924273] smpboot: Total of 2 processors activated (11969.99 BogoMIPS)
[    3.042513] devtmpfs: initialized
[    3.105755] evm: security.selinux
[    3.175553] evm: security.SMACK64
[    3.224142] evm: security.SMACK64EXEC
[    3.275821] evm: security.SMACK64TRANSMUTE
[    3.322086] evm: security.SMACK64MMAP
[    3.359060] evm: security.ima
[    3.395024] evm: security.capability
[    3.445391] clocksource: jiffies: mask: 0xffffffff max_cycles: 0xffffffff, max_idle_ns: 7645041785100000 ns
[    3.558883] futex hash table entries: 512 (order: 3, 32768 bytes)
[    3.641888] pinctrl core: initialized pinctrl subsystem
[    3.702822] RTC time: 16:59:02, date: 08/22/19
[    3.719943] NET: Registered protocol family 16
[    3.779213] cpuidle: using governor ladder
[    3.839219] cpuidle: using governor menu
[    3.896284] PCCT header not found.
[    3.926849] ACPI: bus type PCI registered
[    3.982168] acpiphp: ACPI Hot Plug PCI Controller Driver version: 0.5
[    4.016125] PCI: Using configuration type 1 for base access
[    4.143984] ACPI: Added _OSI(Module Device)
[    4.229064] ACPI: Added _OSI(Processor Device)
[    4.293655] ACPI: Added _OSI(3.0 _SCP Extensions)
[    4.334212] ACPI: Added _OSI(Processor Aggregator Device)
[    4.338434] ACPI: Executed 1 blocks of module-level executable AML code
[    4.353370] ACPI: Interpreter enabled
[    4.355820] ACPI: (supports S0 S5)
[    4.358103] ACPI: Using IOAPIC for interrupt routing
[    4.416477] PCI: Using host bridge windows from ACPI; if necessary, use "pci=nocrs" and report a bug
[    4.505784] ACPI: PCI Root Bridge [PCI0] (domain 0000 [bus 00-ff])
[    4.573586] acpi PNP0A03:00: _OSC: OS supports [ASPM ClockPM Segments MSI]
[    4.659784] acpi PNP0A03:00: _OSC: not requesting OS control; OS requires [ExtendedConfig ASPM ClockPM MSI]
[    4.692360] acpi PNP0A03:00: fail to add MMCONFIG information, can't access extended PCI configuration space under this bridge.
[    4.775186] PCI host bridge to bus 0000:00
[    4.830935] pci_bus 0000:00: root bus resource [io  0x0000-0x0cf7 window]
[    4.884366] pci_bus 0000:00: root bus resource [io  0x0d00-0xffff window]
[    4.888415] pci_bus 0000:00: root bus resource [mem 0x000a0000-0x000bffff window]
[    4.893287] pci_bus 0000:00: root bus resource [mem 0x40000000-0xfdffffff window]
[    4.971583] pci_bus 0000:00: root bus resource [bus 00-ff]
[    5.019834] pci 0000:00:01.1: legacy IDE quirk: reg 0x10: [io  0x01f0-0x01f7]
[    5.074444] pci 0000:00:01.1: legacy IDE quirk: reg 0x14: [io  0x03f6]
[    5.146211] pci 0000:00:01.1: legacy IDE quirk: reg 0x18: [io  0x0170-0x0177]
[    5.162087] pci 0000:00:01.1: legacy IDE quirk: reg 0x1c: [io  0x0376]
[    5.223178] pci 0000:00:07.0: quirk: [io  0x4000-0x403f] claimed by PIIX4 ACPI
[    5.242335] pci 0000:00:07.0: quirk: [io  0x4100-0x410f] claimed by PIIX4 SMB
[    5.261740] ACPI: PCI Interrupt Link [LNKA] (IRQs 5 9 10 *11)
[    5.302956] ACPI: PCI Interrupt Link [LNKB] (IRQs 5 9 *10 11)
[    5.328242] ACPI: PCI Interrupt Link [LNKC] (IRQs 5 *9 10 11)
[    5.342938] ACPI: PCI Interrupt Link [LNKD] (IRQs 5 9 10 *11)
[    5.347225] ACPI: Enabled 2 GPEs in block 00 to 07
[    5.373654] vgaarb: setting as boot device: PCI:0000:00:02.0
[    5.408604] vgaarb: device added: PCI:0000:00:02.0,decodes=io+mem,owns=io+mem,locks=none
[    5.486898] vgaarb: loaded
[    5.502920] vgaarb: bridge control possible 0000:00:02.0
[    5.555244] SCSI subsystem initialized
[    5.589282] ACPI: bus type USB registered
[    5.619581] usbcore: registered new interface driver usbfs
[    5.688298] usbcore: registered new interface driver hub
[    5.744548] usbcore: registered new device driver usb
[    5.808824] PCI: Using ACPI for IRQ routing
[    5.856997] NetLabel: Initializing
[    5.897970] NetLabel:  domain hash size = 128
[    5.950847] NetLabel:  protocols = UNLABELED CIPSOv4
[    6.010958] NetLabel:  unlabeled traffic allowed by default
[    6.068730] amd_nb: Cannot enumerate AMD northbridges
[    6.108882] clocksource: Switched to clocksource kvm-clock
[    6.189181] AppArmor: AppArmor Filesystem Enabled
[    6.25033] p:Pn APIint   65675pn: P CPI: fun3 eves

[    7.214121] clocksource: acpi_pm: mask: 0xffffff max_cycles: 0xffffff, max_idle_ns: 2085701024 ns
[    7.629262] NET: Registered protocol family 2
[    7.706345] TCP established hash table entries: 8192 (order: 4, 65536 bytes)
[    7.712358] TCP bind hash table entries: 8192 (order: 5, 131072 bytes)
[    7.717576] TCP: Hash tables configured (established 8192 bind 8192)
[    7.722135] UDP hash table entries: 512 (order: 2, 16384 bytes)
[    7.726419] UDP-Lite hash table entries: 512 (order: 2, 16384 bytes)
[    7.730939] NET: Registered protocol family 1
[    7.734217] pci 0000:00:00.0: Limiting direct PCI/PCI transfers
[    7.738561] pci 0000:00:01.0: Activating ISA DMA hang workarounds
[    7.743137] Unpacking initramfs...
[    8.135775] Freeing initrd memory: 14828K
[    8.145516] clocksource: tsc: mask: 0xffffffffffffffff max_cycles: 0x2b2296bc2b9, max_idle_ns: 440795321505 ns
[    8.149063] platform rtc_cmos: registered platform RTC device (no PNP device found)
[    8.551378] Scanning for low memory corruption every 60 seconds
[    8.554698] audit: initializing netlink subsys (disabled)
[    8.558792] audit: type=2000 audit(1566493148.985:1): initialized
[    8.571445] Initialise system trusted keyring
[    8.576357] HugeTLB registered 2 MB page size, pre-allocated 0 pages
[    8.592966] zbud: loaded
[    8.596022] VFS: Disk quotas dquot_6.6.0
[    8.599207] VFS: Dquot-cache hash table entries: 512 (order 0, 4096 bytes)
[    8.605354] squashfs: version 4.0 (2009/01/31) Phillip Lougher
[    8.612275] fuse init (API version 7.23)
[    8.615655] Key type big_key registered
[    8.618678] Allocating IMA MOK and blacklist keyrings.
[    8.634917] Key type asymmetric registered
[    8.647038] Asymmetric key parser 'x509' registered
[    8.659403] Block layer SCSI generic (bsg) driver version 0.4 loaded (major 249)
[    8.794205] io scheduler noop registered
[    8.796251] io scheduler deadline registered (default)
[    8.815204] io scheduler cfq registered
[    8.818456] pci_hotplug: PCI Hot Plug PCI Core version: 0.5
[    8.878837] pciehp: PCI Express Hot Plug Controller Driver version: 0.4
[    9.118804] ACPI: AC Adapter [AC] (on-line)
[    9.182950] input: Power Button as /devices/LNXSYSTM:00/LNXPWRBN:00/input/input0
[    9.344006] ACPI: Power Button [PWRF]
[    9.353579] input: Sleep Button as /devices/LNXSYSTM:00/LNXSLPBN:00/input/input1
[    9.359498] ACPI: Sleep Button [SLPF]
[    9.363924] GHES: HEST is not enabled!
[    9.375693] Serial: 8250/16550 driver, 32 ports, IRQ sharing enabled
[    9.404250] 00:02: ttyS0 at I/O 0x3f8 (irq = 4, base_baud = 115200) is a 16550A
[    9.412335] Linux agpgart interface v0.103
[    9.422795] loop: module loaded
[    9.427618] scsi host0: ata_piix
[    9.431395] scsi host1: ata_piix
[    9.434356] ata1: PATA max UDMA/33 cmd 0x1f0 ctl 0x3f6 bmdma 0xd000 irq 14
[    9.439418] ata2: PATA max UDMA/33 cmd 0x170 ctl 0x376 bmdma 0xd008 irq 15
[    9.446061] libphy: Fixed MDIO Bus: probed
[    9.449322] tun: Universal TUN/TAP device driver, 1.6
[    9.453264] tun: (C) 1999-2004 Max Krasnyansky <maxk@qualcomm.com>
[    9.457850] PPP generic driver version 2.4.2
[    9.461865] ehci_hcd: USB 2.0 'Enhanced' Host Controller (EHCI) Driver
[    9.466860] ehci-pci: EHCI PCI platform driver
[    9.470427] ehci-platform: EHCI generic platform driver
[    9.474469] ohci_hcd: USB 1.1 'Open' Host Controller (OHCI) Driver
[    9.695750] ohci-pci: OHCI PCI platform driver
[    9.699954] ohci-platform: OHCI generic platform driver
[    9.715913] uhci_hcd: USB Universal Host Controller Interface driver
[    9.723407] i8042: PNP: PS/2 Controller [PNP0303:PS2K,PNP0f03:PS2M] at 0x60,0x64 irq 1,12
[    9.736297] serio: i8042 KBD port at 0x60,0x64 irq 1
[    9.775197] serio: i8042 AUX port at 0x60,0x64 irq 12
[    9.907239] mousedev: PS/2 mouse device common for all mice
[   10.167132] input: AT Translated Set 2 keyboard as /devices/platform/i8042/serio0/input/input2
[   10.336643] rtc_cmos rtc_cmos: rtc core: registered rtc_cmos as rtc0
[   10.593579] rtc_cmos rtc_cmos: alarms up to one day, 114 bytes nvram
[   10.624416] i2c /dev entries driver
[   10.62797] device-mapper: uevent: version 1.0.3

[   10.663437] device-mapper: ioctl: 4.34.0-ioctl (2015-10-28) initialised: dm-devel@redhat.com
[   10.670095] ledtrig-cpu: registered to indicate activity on CPUs
[   10.677228] NET: Registered protocol family 10
[   10.744617] NET: Registered protocol family 17
[   10.748267] Key type dns_resolver registered
[   10.777977] registered taskstats version 1
[   10.862956] Loading compiled-in X.509 certificates
[   10.922853] Loaded X.509 cert 'Build time autogenerated kernel key: 65139e04a67245b562a838c28b5e7032abdd4348'
[   11.139083] zswap: loaded using pool lzo/zbud
[   11.221097] Key type trusted registered
[   11.286544] Key type encrypted registered
[   11.515140] AppArmor: AppArmor sha1 policy hashing enabled
[   11.759379] ima: No TPM chip found, activating TPM-bypass!
[   12.015202] ima: Allocated hash algorithm: sha1
[   12.145216] evm: HMAC attrs: 0x1
[   12.355571]   Magic number: 15:804:995
[   12.515241] rtc_cmos rtc_cmos: setting system clock to 2019-08-22 16:59:11 UTC (1566493151)
[   13.026327] BIOS EDD facility v0.16 2004-Jun-25, 0 devices found
[   13.240491] EDD information not available.
[   13.411059] Freeing unused kernel memory: 1484K
[   13.640930] Write protecting the kernel read-only data: 14336k
[   13.928532] Freeing unused kernel memory: 1616K
[   14.105357] Freeing unused kernel memory: 68K
Loading, please wait...
starting version[   14.487073] random: systemd-udevd: uninitialized urandom read (16 bytes read, 5 bits of entropy available)
 229
[   14.496104] random: udevadm: uninitialized urandom read (16 bytes read, 5 bits of entropy available)
[   14.496204] random: udevadm: uninitialized urandom read (16 bytes read, 5 bits of entropy available)
[   14.527409] random: systemd-udevd: uninitialized urandom read (16 bytes read, 5 bits of entropy available)
[   14.534877] random: systemd-udevd: uninitialized urandom read (16 bytes read, 5 bits of entropy available)
[   14.542368] random: systemd-udevd: uninitialized urandom read (16 bytes read, 5 bits of entropy available)
[   14.552995] random: systemd-udevd: uninitialized urandom read (16 bytes read, 5 bits of entropy available)
[   14.561532] random: systemd-udevd: uninitialized urandom read (16 bytes read, 5 bits of entropy available)
[   14.570192] random: systemd-udevd: uninitialized urandom read (16 bytes read, 5 bits of entropy available)
[   14.572790] random: udevadm: uninitialized urandom read (16 bytes read, 5 bits of entropy available)
[   14.869542] e1000: Intel(R) PRO/1000 Network Driver - version 7.3.21-k8-NAPI
[   14.874762] e1000: Copyright (c) 1999-2006 Intel Corporation.
[   14.883150] Fusion MPT base driver 3.04.20
[   14.892917] Copyright (c) 1999-2008 LSI Corporation
[   14.951164] Fusion MPT SPI Host driver 3.04.20
[   15.180384] input: ImExPS/2 Generic Explorer Mouse as /devices/platform/i8042/serio1/input/input4
[   15.645288] e1000 0000:00:03.0 eth0: (PCI:33MHz:32-bit) 02:1e:e5:6d:71:21
[   15.974236] e1000 0000:00:03.0 eth0: Intel(R) PRO/1000 Network Connection
[   16.007900] mptbase: ioc0: Initiating bringup
[   16.018718] e1000 0000:00:03.0 enp0s3: renamed from eth0
[   16.892170] ioc0: LSI53C1030 A0: Capabilities={Initiator}
[   18.675875] scsi host2: ioc0: LSI53C1030 A0, FwRev=00000000h, Ports=1, MaxQ=256, IRQ=20
[   19.949537] scsi 2:0:0:0: Direct-Access     VBOX     HARDDISK         1.0  PQ: 0 ANSI: 5
[   20.966220] scsi target2:0:0: Beginning Domain Validation
[   20.973050] scsi target2:0:0: Domain Validation skipping write tests
[   20.977399] scsi target2:0:0: Ending Domain Validation
[   20.981559] scsi target2:0:0: asynchronous
[   20.989172] scsi 2:0:1:0: Direct-Access     VBOX     HARDDISK         1.0  PQ: 0 ANSI: 5
[   20.995308] scsi target2:0:1: Beginning Domain Validation
[   21.005494] scsi target2:0:1: Domain Validation skipping write tests
[   21.012261] scsi target2:0:1: Ending Domain Validation
[   21.017086] scsi target2:0:1: asynchronous
[   21.043568] sd 2:0:0:0: Attached scsi generic sg0 type 0
[   21.044573] sd 2:0:0:0: [sda] 20971520 512-byte logical blocks: (10.7 GB/10.0 GiB)
[   21.062760] sd 2:0:1:0: Attached scsi generic sg1 type 0
[   21.063556] sd 2:0:0:0: [sda] Write Protect is off
[   21.078250] sd 2:0:0:0: [sda] Incomplete mode parameter data
[   21.215265] sd 2:0:0:0: [sda] Assuming drive cache: write through
[   21.224759] sd 2:0:1:0: [sdb] 20480 512-byte logical blocks: (10.5 MB/10.0 MiB)
[   21.224959] sd 2:0:1:0: [sdb] Write Protect is off
[   21.225072] sd 2:0:1:0: [sdb] Incomplete mode parameter data
[   21.225074] sd 2:0:1:0: [sdb] Assuming drive cache: write through
[   21.254598] sd 2:0:1:0: [sdb] Attached SCSI disk
[   22.157905]  sda: sda1
[   22.440833] sd 2:0:0:0: [sda] Attached SCSI disk
Begin: Loading essential drivers ... [   26.009514] md: linear personality registered for level -1
[   26.035735] md: multipath personality registered for level -4
[   26.060988] md: raid0 personality registered for level 0
[   26.092986] md: raid1 personality registered for level 1
[   26.214232] raid6: sse2x1   gen()  4713 MB/s
[   26.524262] raid6: sse2x1   xor()  5272 MB/s
[   26.774075] raid6: sse2x2   gen()  5501 MB/s
[   27.264197] raid6: sse2x2   xor()  6629 MB/s
[   27.524195] raid6: sse2x4   gen()  9235 MB/s
[   27.804204] raid6: sse2x4   xor()  6980 MB/s
[   27.807509] raid6: using algorithm sse2x4 gen() 9235 MB/s
[   27.811362] raid6: .... xor() 6980 MB/s, rmw enabled
[   27.814966] raid6: using ssse3x2 recovery algorithm
[   27.824431] xor: measuring software checksum speed
[   27.872905]    prefetch64-sse: 14529.000 MB/sec
[   27.932896]    generic_sse: 10272.000 MB/sec
[   27.963494] xor: using function: prefetch64-sse (14529.000 MB/sec)
[   27.970757] async_tx: api initialized (async)
[   28.004671] md: raid6 personality registered for level 6
[   28.008966] md: raid5 personality registered for level 5
[   28.013316] md: raid4 personality registered for level 4
[   28.070489] md: raid10 personality registered for level 10
done.
Begin: Running /scripts/init-premount ... done.
Begin: Mounting root file system ... Begin: Running /scripts/local-top ... done.
Begin: Running /scripts/local-premount ... [   28.223683] Btrfs loaded
Scanning for Btrfs filesystems
done.
Warning: fsck not present, so skipping root file system
[   28.487915] EXT4-fs (sda1): mounted filesystem with ordered data mode. Opts: (null)
done.
Begin: Running /scripts/local-bottom ... done.
Begin: Running /scripts/init-bottom ... done.
[ 29.12567]random: nonblocking pool is initialized
[   29.521365] systemd[1]: systemd 229 running in system mode. (+PAM +AUDIT +SELINUX +IMA +APPARMOR +SMACK +SYSVINIT +UTMP +LIBCRYPTSETUP +GCRYPT +GNUTLS +ACL +XZ -LZ4 +SECCOMP +BLKID +ELFUTILS +KMOD -IDN)
[   29.998482] systemd[1]: Detected virtualization oracle.
[   30.002348] systemd[1]: Detected architecture x86-64.

Welcome to [1mUbuntu 16.04.6 LTS[0m!

[   30.065662] systemd[1]: Set hostname to <ubuntu>.
[   30.090579] systemd[1]: Initializing machine ID from random generator.
[   30.395453] systemd[1]: Installed transient /etc/machine-id file.
[   31.812334] systemd[1]: Started Trigger resolvconf update for networkd DNS.
[[0;32m  OK  [0m] Started Trigger resolvconf update for networkd DNS.
[   32.165782] systemd[1]: Reached target User and Group Name Lookups.
[[0;32m  OK  [0m] Reached target User and Group Name Lookups.
[   32.254495] systemd[1]: Listening on LVM2 poll daemon socket.
[[0;32m  OK  [0m] Listening on LVM2 poll daemon socket.
[   32.305961] systemd[1]: Set up automount Arbitrary Executable File Formats File System Automount Point.
[[0;32m  OK  [0m] Set up automount Arbitrary Executab...ats File System Automount Point.
[   32.617529] systemd[1]: Listening on Journal Audit Socket.
[[0;32m  OK  [0m] Listening on Journal Audit Socket.
[   32.929329] systemd[1]: Listening on Journal Socket (/dev/log).
[[0;32m  OK  [0m] Listening on Journal Socket (/dev/log).
[   33.333321] systemd[1]: Listening on udev Kernel Socket.
[[0;32m  OK  [0m] Listening on udev Kernel Socket.
[   33.372916] systemd[1]: Reached target Encrypted Volumes.
[[0;32m  OK  [0m] Reached target Encrypted Volumes.
[   33.681108] systemd[1]: Created slice User and Session Slice.
[[0;32m  OK  [0m] Created slice User and Session Slice.
[   34.075192] systemd[1]: Reached target Swap.
[[0;32m  OK  [0m] Reached target Swap.
[   34.330311] systemd[1]: Created slice System Slice.
[[0;32m  OK  [0m] Created slice System Slice.
[   34.420233] systemd[1]: Listening on Device-mapper event daemon FIFOs.
[[0;32m  OK  [0m] Listening on Device-mapper event daemon FIFOs.
[   34.489580] systemd[1]: Listening on Journal Socket.
[[0;32m  OK  [0m] Listening on Journal Socket.
[   34.842024] systemd[1]: Starting Uncomplicated firewall...
         Starting Uncomplicated firewall...
[   35.034442] systemd[1]: Mounting Huge Pages File System...
         Mounting Huge Pages File System...
[   35.069553] systemd[1]: Starting Set console keymap...
         Starting Set console keymap...
[   35.121546] systemd[1]: Mounting Debug File System...
         Mounting Debug File System...
[   35.161623] systemd[1]: Reached target Slices.
[[0;32m  OK  [0m] Reached target Slices.
[   35.201460] systemd[1]: Mounting POSIX Message Queue File System...
         Mounting POSIX Message Queue File System...
[   35.265607] systemd[1]: Listening on LVM2 metadata daemon socket.
[[0;32m  OK  [0m] Listening on LVM2 metadata daemon socket.
[   35.347866] systemd[1]: Starting Monitoring of LVM2 mirrors, snapshots etc. using dmeventd or progress polling...
         Starting Monitoring of LVM2 mirrors... dmeventd or progress polling...
[   35.368211] systemd[1]: Started Forward Password Requests to Wall Directory Watch.
[[0;32m  OK  [0m] Started Forward Password Requests to Wall Directory Watch.
[   35.402534] systemd[1]: Listening on udev Control Socket.
[[0;32m  OK  [0m] Listening on udev Control Socket.
[   35.413377] systemd[1]: Created slice system-serial\x2dgetty.slice.
[[0;32m  OK  [0m] Created slice system-serial\x2dgetty.slice.
[   35.421752] systemd[1]: Reached target System Time Synchronized.
[[0;32m  OK  [0m] Reached target System Time Synchronized.
[   35.467345] systemd[1]: Listening on /dev/initctl Compatibility Named Pipe.
[[0;32m  OK  [0m] Listening on /dev/initctl Compatibility Named Pipe.
[   35.518047] systemd[1]: Starting Create list of required static device nodes for the current kernel...
         Starting Create list of required st... nodes for the current kernel...
[   35.653926] systemd[1]: Starting Load Kernel Modules...
         Starting Load Kernel Modules...
[   35.701903] systemd[1]: Starting Remount Root and Kernel File Systems...
[   35.736309] EXT4-fs (sda1): re-mounted. Opts: (null)
         [   36.115337] Loading iSCSI transport class v2.0-870.
Starting Remount Root and Kernel[   36.142965] iscsi: registered transport (tcp)
 File Systems...
[   36.521458] systemd[1]: Listening on Syslog Socket.
[[0;32m  OK  [0m] Listening on Syslog Socket.
[   36.633860] systemd[1]: Starting Journal Service...
         Starting Journal Service...
[   36.695419] iscsi: registered transport (iser)
[   36.709823] systemd[1]: Starting Nameserver information manager...
         Starting Nameserver information manager...
[   37.066286] systemd[1]: Mounted POSIX Message Queue File System.
[[0;32m  OK  [0m] Mounted POSIX Message Queue File System.
[   37.095849] systemd[1]: Mounted Huge Pages File System.
[[0;32m  OK  [0m] Mounted Huge Pages File System.
[   37.131369] systemd[1]: Mounted Debug File System.
[[0;32m  OK  [0m] Mounted Debug File System.
[   37.138121] systemd[1]: Started Journal Service.
[[0;32m  OK  [0m] Started Journal Service.
[[0;32m  OK  [0m] Started Uncomplicated firewall.
[[0;32m  OK  [0m] Started Set console keymap.
[[0;32m  OK  [0m] Started Create list of required sta...ce nodes for the current kernel.
[[0;32m  OK  [0m] Started Load Kernel Modules.
[[0;32m  OK  [0m] Started Remount Root and Kernel File Systems.
[[0;32m  OK  [0m] Started Nameserver information manager.
[[0;32m  OK  [0m] Started LVM2 metadata daemon.
         Starting Load/Save Random Seed...
         Starting udev Coldplug all Devices...
         Starting Apply Kernel Variables...
         Mounting FUSE Control File System...
         Starting Create Static Device Nodes in /dev...
         Starting Flush Journal to Persistent Storage...
[[0;32m  OK  [0m] Mounted FUSE Control File System.
[[0;32m  OK  [0m] Started Load/Save Random Seed.
[[0;32m  OK  [0m] Started Apply Kernel Variables.
[[0;32m  OK  [0m] Started Create Static Device Nodes in /dev.
         Starting udev Kernel Device Manager...
[[0;32m  OK  [0m] Started Flush Journal to Persistent Storage.
[[0;32m  OK  [0m] Started Monitoring of LVM2 mirrors,...ng dmeventd or progress polling.
[[0;32m  OK  [0m] Reached target Local File Systems (Pre).
[[0;32m  OK  [0m] Reached target Local File Systems.
         Starting Initial cloud-init job (pre-networking)...
         Starting Commit a transient machine-id on disk...
         Starting Set console font and keymap...
         Starting Tell Plymouth To Write Out Runtime Data...
         Starting LSB: AppArmor initialization...
         Starting Create Volatile Files and Directories...
[[0;32m  OK  [0m] Started udev Kernel Device Manager.
[[0;32m  OK  [0m] Started udev Coldplug all Devices.
[[0;32m  OK  [0m] Started Commit a transient machine-id on disk.
[[0;32m  OK  [0m] Started Tell Plymouth To Write Out Runtime Data.
[[0;32m  OK  [0m] Started Create Volatile Files and Directories.
         Starting Update UTMP about System Boot/Shutdown...
[[0;32m  OK  [0m] Started Dispatch Password Requests to Console Directory Watch.
[[0;32m  OK  [0m] Started Update UTMP about System Boot/Shutdown.
[[0;32m  OK  [0m] Found device /dev/ttyS0.
[[0;32m  OK  [0m] Listening on Load/Save RF Kill Switch Status /dev/rfkill Watch.
[[0;32m  OK  [0m] Started LSB: AppArmor initialization.
[   40.406434] cloud-init[457]: Cloud-init v. 19.1-1-gbaa47854-0ubuntu1~16.04.1 running 'init-local' at Thu, 22 Aug 2019 16:59:43 +0000. Up 38.80 seconds.
[[0;32m  OK  [0m] Started Initial cloud-init job (pre-networking).
[[0;32m  OK  [0m] Reached target Network (Pre).
         Starting Raise network interfaces...
[[0;32m  OK  [0m] Started Set console font and keymap.
[[0;32m  OK  [0m] Created slice system-getty.slice.
[[0;32m  OK  [0m] Started Raise network interfaces.
[[0;32m  OK  [0m] Reached target Network.
         Starting Initial cloud-init job (metadata service crawler)...
[   47.418348] cloud-init[937]: Cloud-init v. 19.1-1-gbaa47854-0ubuntu1~16.04.1 running 'init' at Thu, 22 Aug 2019 16:59:48 +0000. Up 44.03 seconds.
[[0;32m  OK  [0m] Started Initial cloud-init job (metadata service crawler).[   47.691309] cloud-init[937]: 
ci-info: ++++++++++++++++++++++++++++++++++++++Net device info++++++++++++++++++++++++++++++++++++++
[[0;32m  OK  [0m] Reached target System Initialization.
[[0;32m  OK  [0m] Started Daily Cleanup of Temporary Directories.
[   47.720134] cloud-init[937]: ci-info: +--------+------+----------------------------+---------------+--------+-------------------+
[[0;32m  OK  [0m] Listening on ACPID Listen Socket.
[[0;32m  OK  [0m] Listening on UUID daemon activation socket.
[   47.732456] cloud-init[937]: ci-info: | Device |  Up  |          Address           |      Mask     | Scope  |     Hw-Address    |
[   47.813938] cloud-init[937]: ci-info: +--------+------+----------------------------+---------------+--------+-------------------+
[   47.822811] cloud-init[937]: ci-info: | enp0s3 | True |         10.0.2.15          | 255.255.255.0 | global | 02:1e:e5:6d:71:21 |
[   47.823090] cloud-init[937]: ci-info: | enp0s3 | True | fe80::1e:e5ff:fe6d:7121/64 |       .       |  link  | 02:1e:e5:6d:71:21 |
[   47.823399] cloud-init[937]: ci-info: |   lo   | True |         127.0.0.1          |   255.0.0.0   |  host  |         .         |
[   47.823664] cloud-init[937]: ci-info: |   lo   | True |          ::1/128           |       .       |  host  |         .         |
[   47.823924] cloud-init[937]: ci-info: +--------+------+----------------------------+---------------+--------+-------------------+
[   47.824203] cloud-init[937]: ci-info: +++++++++++++++++++++++++++Route IPv4 info++++++++++++++++++++++++++++
[   47.824447] cloud-init[937]: ci-info: +-------+-------------+----------+---------------+-----------+-------+
[   47.824736] cloud-init[937]: ci-info: | Route | Destination | Gateway  |    Genmask    | Interface | Flags |
[   47.824969] cloud-init[937]: ci-info: +-------+-------------+----------+---------------+-----------+-------+
[   47.825210] cloud-init[937]: ci-info: |   0   |   0.0.0.0   | 10.0.2.2 |    0.0.0.0    |   enp0s3  |   UG  |
[   47.825460] cloud-init[937]: ci-info: |   1   |   10.0.2.0  | 0.0.0.0  | 255.255.255.0 |   enp0s3  |   U   |
[   47.825734] cloud-init[937]: ci-info: +-------+-------------+----------+---------------+-----------+-------+
[   47.825973] cloud-init[937]: ci-info: +++++++++++++++++++Route IPv6 info+++++++++++++++++++
[   47.826203] cloud-init[937]: ci-info: +-------+-------------+---------+-----------+-------+
[   47.826437] cloud-init[937]: ci-info: | Route | Destination | Gateway | Interface | Flags |
[   47.826681] cloud-init[937]: ci-info: +-------+-------------+---------+-----------+-------+
[   47.826915] cloud-init[937]: ci-info: |   0   |  fe80::/64  |    ::   |   enp0s3  |   U   |
[   47.827215] cloud-init[937]: ci-info: |   4   |   ff00::/8  |    ::   |   enp0s3  |   U   |
[   47.827678] cloud-init[937]: ci-info: +-------+-------------+---------+-----------+-------+
[   47.828533] cloud-init[937]: Generating public/private rsa key pair.
[   47.829208] cloud-init[937]: Your identification has been saved in /etc/ssh/ssh_host_rsa_key.
[   47.829869] cloud-init[937]: Your public key has been saved in /etc/ssh/ssh_host_rsa_key.pub.
[   47.830377] cloud-init[937]: The key fingerprint is:
[   47.830866] cloud-init[937]: SHA256:QzxRx4ieVdNeNFUEd95WRhzOsEiuViVph9eqze1MlIE root@ubuntu-xenial
[   47.831109] cloud-init[937]: The key's randomart image is:
[   47.831352] cloud-init[937]: +---[RSA 2048]----+
[   47.831587] cloud-init[937]: |        .o.**++O#|
[   47.831816] cloud-init[937]: |       ...===E**B|
         Starting LXD - unix socket.
[[   47.832216] cloud-init[937]: |       .+o.+oo.+*|
[   48.589053] cloud-init[937]: |       .o.o  ..+ |
[   48.589285] cloud-init[937]: |        So  + o  |
[   48.589555] cloud-init[937]: |        .. . o o |
[   48.589775] cloud-init[937]: |              +  |
[   48.589999] cloud-init[937]: |               o |
[   48.590217] cloud-init[937]: |                 |
[   48.590445] cloud-init[937]: +----[SHA256]-----+
[   48.590664] cloud-init[937]: Generating public/private dsa key pair.
[   48.590894] cloud-init[937]: Your identification has been saved in /etc/ssh/ssh_host_dsa_key.
[   48.591121] cloud-init[937]: Your public key has been saved in /etc/ssh/ssh_host_dsa_key.pub.
[   48.591380] cloud-init[937]: The key fingerprint is:
[   48.591598] cloud-init[937]: SHA256:sTbOBTz8jybUEQ9LYhvBgeDIR3tVxxX8GfeTwqr5gRk root@ubuntu-xenial
[   48.591827] cloud-init[937]: The key's randomart image is:
[0;32m  OK  [0m] Started Daily apt download activities.
[[0;32m  OK  [0m] Started Daily apt upgrade and clean activities.
[   48.592045] cloud-init[937]: +---[DSA 1024]----+
[   49.064572] cloud-init[937]: |    o. oB+=..oo. |
[   49.304586] cloud-init[937]: | . + ..=.= *. ...|
[[0;32m  OK  [0m] Started ACPI Events Check.
[[0;32m  OK  [0m] Reached target Paths.
[   49.379087] cloud-init[937]: |  o + . B o o  .*|
[   49.700988] cloud-init[937]: |   . .   B . o +o|
[[0;32m  OK  [0m] Reached target Timers.
[   49.865943] cloud-init[937]: |        SE+ . . .|
[   49.952418] cloud-init[937]: |       = o++     |
[   49.952735] cloud-init[937]: |        +o=..    |
[   49.953172] cloud-init[937]: |         =  .    |
[   49.953538] cloud-init[937]: |          ..     |
[   49.953940] cloud-init[937]: +----[SHA256]-----+
[   49.954315] cloud-init[937]: Generating public/private ecdsa key pair.
[   49.954649] cloud-init[937]: Your identification has been saved in /etc/ssh/ssh_host_ecdsa_key.
[   49.954983] cloud-init[937]: Your public key has been saved in /etc/ssh/ssh_host_ecdsa_key.pub.
[   49.955337] cloud-init[937]: The key fingerprint is:
[   49.955606] cloud-init[937]: SHA256:wcpVRTPjVur7fCuv2/5xRzIiY9YyX+i8TlQ7xqjhNM8 root@ubuntu-xenial
[   49.955842] cloud-init[937]: The key's randomart image is:
[   49.956073] cloud-init[937]: +---[ECDSA 256]---+
[   49.956303] cloud-init[937]: |          .o* .  |
[   49.956536] cloud-init[937]: |       . . . *   |
[   49.956769] cloud-init[937]: |        +   + .  |
[   49.957000] cloud-init[937]: |     . o . + = . |
[   49.957233] cloud-init[937]: |      o S @ B O .|
[   49.957465] cloud-init[937]: |         = / = = |
[   49.957695] cloud-init[937]: |          o E  .o|
[   49.957928] cloud-init[937]: |           . =. =|
[   49.958160] cloud-init[937]: |           .ooO*+|
[   49.958431] cloud-init[937]: +----[SHA256]-----+
[   49.958670] cloud-init[937]: Generating public/private ed25519 key pair.
[   49.958903] cloud-init[937]: Your identification has been saved in /etc/ssh/ssh_host_ed25519_key.
[   49.959145] cloud-init[937]: Your public key has been saved in /etc/ssh/ssh_host_ed25519_key.pub.
         Starting Socket activation for snappy daemon.
[   49.959525] cloud-init[937]: The key fingerprint is:
[   50.212898] cloud-init[937]: SHA256:/Rec7KYCTc7ZMNpG0mVgI7sxlixCNKaO6UiA24U1ZuM root@ubuntu-xenial
[[0;32m  OK  [0m] Listening on D-Bus System Message Bus Socket.
[[0;32m  OK  [0m] Reached target Network is Online.
[   50.216178] cloud-init[937]: The key's randomart image is:
[   50.606176] cloud-init[937]: +--[ED25519 256]--+
[   50.632564] cloud-init[937]: |   .@   . +.     |
         Starting iSCSI initiator daemon (iscsid)...
[   50.686495] cloud-init[937]: |.  X + . = .o    |
[[0;32m  OK  [0m] Reached target Cloud-config availability.
[   50.695162] cloud-init[937]: |o o E . B. o     |
[[0;32m  OK  [0m] Listening on LXD - unix socket.
[   50.706826] cloud-init[937]: |.* . . o.=*  o . |
[[0;32m  OK  [0m] Listening on Socket activation for snappy daemon.
[   50.724061] cloud-init[937]: |+.o     SX.=  =  |
[   50.733871] cloud-init[937]: |+       o B... . |
[[0;32m  OK  [0m] Reached target Sockets.
[[0;32m  OK  [0m] Reached target Basic System.
[   50.747966] cloud-init[937]: |..       o  . +  |
         Starting LSB: MD monitoring daemon...
[   50.847123] cloud-init[937]: |          .  +   |
[   50.914422] cloud-init[937]: |           ..    |
[   50.973060] cloud-init[937]: +----[SHA256]-----+
         Starting /etc/rc.local Compatibility...
[[0;32m  OK  [0m] Started ACPI event daemon.
[[0;32m  OK  [0m] Started Deferred execution scheduler.
         Starting Login Service...
[[0;32m  OK  [0m] Started Regular background program processing daemon.
         Starting Accounts Service...
         Starting LSB: Record successful boot for GRUB...
         Starting Pollinate to seed the pseudo random number generator...
[[0;32m  OK  [0m] Started FUSE filesystem for LXC.
[[0;32m  OK  [0m] Started D-Bus System Message Bus.
         Starting System Logging Service...
         Starting Snappy daemon...
         Starting Virtualbox guest utils...
         Starting LXD - container startup/shutdown...
[[0;32m  OK  [0m] Started System Logging Service.
[[0;32m  OK  [0m] Started /etc/rc.local Compatibility.
[[0;32m  OK  [0m] Started iSCSI initiator daemon (iscsid).
[[0;32m  OK  [0m] Started Login Service.
[[0;32m  OK  [0m] Started Unattended Upgrades Shutdown.
         Starting Authenticate and Authorize Users to Run Privileged Tasks...
         Starting Login to default iSCSI targets...
[[0;32m  OK  [0m] Started LSB: Record successful boot for GRUB.
[[0;32m  OK  [0m] Started LSB: MD monitoring daemon.
[[0;32m  OK  [0m] Started Login to default iSCSI targets.
[[0;32m  OK  [0m] Started Authenticate and Authorize Users to Run Privileged Tasks.
[[0;32m  OK  [0m] Reached target Remote File Systems (Pre).
[[0;32m  OK  [0m] Reached target Remote File Systems.
         Starting Permit User Sessions...
         Starting LSB: automatic crash report generation...
         Starting LSB: daemon to balance interrupts for SMP systems...
         Starting LSB: Set the CPU Frequency Scaling governor to "ondemand"...
[[0;32m  OK  [0m] Started Permit User Sessions.
[[0;32m  OK  [0m] Started Accounts Service.
         Starting Hold until boot process finishes up...
         Starting Terminate Plymouth Boot Screen...
[[0;32m  OK  [0m] Started Hold until boot process finishes up.
[[0;32m  OK  [0m] Started Virtualbox guest utils.
         Starting Set console scheme...
[[0;32m  OK  [0m] Started Getty on tty1.
[[0;32m  OK  [0m] Started Serial Getty on ttyS0.
[[0;32m  OK  [0m] Reached target Login Prompts.
[[0;32m  OK  [0m] Started LXD - container startup/shutdown.
[[0;32m  OK  [0m] Started Terminate Plymouth Boot Screen.
[[0;32m  OK  [0m] Started Set console scheme.
[[0;32m  OK  [0m] Started LSB: daemon to balance interrupts for SMP systems.
[[0;32m  OK  [0m] Started LSB: Set the CPU Frequency Scaling governor to "ondemand".
[[0;32m  OK  [0m] Started LSB: automatic crash report generation.
[[0;32m  OK  [0m] Started Pollinate to seed the pseudo random number generator.
         Starting OpenBSD Secure Shell server...
[[0;32m  OK  [0m] Started Snappy daemon.
         Starting Wait until snapd is fully seeded...
[[0;32m  OK  [0m] Started OpenBSD Secure Shell server.
[[0;32m  OK  [0m] Created slice User Slice of vagrant.
         Starting User Manager for UID 1000...
[[0;32m  OK  [0m] Started Session 1 of user vagrant.
[[0;32m  OK  [0m] Started User Manager for UID 1000.
[[0;32m  OK  [0m] Started Wait until snapd is fully seeded.
         Starting Apply the settings specified in cloud-config...
[[0;32m  OK  [0m] Reached target Multi-User System.
[[0;32m  OK  [0m] Reached target Graphical Interface.
         Starting Update UTMP about System Runlevel Changes...

Ubuntu 16.04.6 LTS ubuntu-xenial ttyS0

ubuntu-xenial login: [   62.688342] cloud-init[1385]: Generating locales (this might take a while)...
[   65.774421] cloud-init[1385]:   en_US.UTF-8... done
[   65.779261] cloud-init[1385]: Generation complete.
[   68.307919] cloud-init[1385]: Cloud-init v. 19.1-1-gbaa47854-0ubuntu1~16.04.1 running 'modules:config' at Thu, 22 Aug 2019 17:00:06 +0000. Up 61.98 seconds.
ci-info: no authorized ssh keys fingerprints found for user ubuntu.
<14>Aug 22 17:00:14 ec2: 
<14>Aug 22 17:00:14 ec2: #############################################################
<14>Aug 22 17:00:14 ec2: -----BEGIN SSH HOST KEY FINGERPRINTS-----
<14>Aug 22 17:00:14 ec2: 1024 SHA256:sTbOBTz8jybUEQ9LYhvBgeDIR3tVxxX8GfeTwqr5gRk root@ubuntu-xenial (DSA)
<14>Aug 22 17:00:14 ec2: 256 SHA256:wcpVRTPjVur7fCuv2/5xRzIiY9YyX+i8TlQ7xqjhNM8 root@ubuntu-xenial (ECDSA)
<14>Aug 22 17:00:14 ec2: 256 SHA256:/Rec7KYCTc7ZMNpG0mVgI7sxlixCNKaO6UiA24U1ZuM root@ubuntu-xenial (ED25519)
<14>Aug 22 17:00:14 ec2: 2048 SHA256:QzxRx4ieVdNeNFUEd95WRhzOsEiuViVph9eqze1MlIE root@ubuntu-xenial (RSA)
<14>Aug 22 17:00:14 ec2: -----END SSH HOST KEY FINGERPRINTS-----
<14>Aug 22 17:00:14 ec2: #############################################################
-----BEGIN SSH HOST KEY KEYS-----
ecdsa-sha2-nistp256 AAAAE2VjZHNhLXNoYTItbmlzdHAyNTYAAAAIbmlzdHAyNTYAAABBBI4Yok923YIA5JGKf3bnUossvDd/uJTcXOEa7EnvsQTGO6KUetPJIo02Soy4dcjpRwWHzYkx3yoAQ4QT3Nox5XU= root@ubuntu-xenial
ssh-ed25519 AAAAC3NzaC1lZDI1NTE5AAAAII5OqLnZHKC1IRXCj28/oBz2cwx+N36v0ZWuFLb6OmJh root@ubuntu-xenial
ssh-rsa AAAAB3NzaC1yc2EAAAADAQABAAABAQDBKPjsJh5LGeBFlBC1H4nT2iZh+NdoFPUd2RU6GM89JD5I5pAu11BH93tBTrMidraZC0hzNYrHkq2eFd/LQt4C2ikBbuCx47BGbdbRlGmSnDdk2dGZtqZx4EQ6hPkXdIQWtf2nqSSERVYuU652U7/vLwrEi2dOVHIhBiI2qbIfgUZiVY4imQRFrVIw+9qotxZbZqVF6pyBKdsMDp7E2yZSveM84LzeWe+NbGkDZjeeEk4Ij5HXzsv8QwkETqCjVcGRcSuohbZ03/3r7xL8WLy9PYHRLZjHw7LRtLed9yBCOusc9SmUqaz9d/h2j8zAARwm5v54JWYjytd7AvvX9dX7 root@ubuntu-xenial
-----END SSH HOST KEY KEYS-----
[   70.366690] cloud-init[1574]: Cloud-init v. 19.1-1-gbaa47854-0ubuntu1~16.04.1 running 'modules:final' at Thu, 22 Aug 2019 17:00:13 +0000. Up 69.62 seconds.
[   70.368753] cloud-init[1574]: ci-info: no authorized ssh keys fingerprints found for user ubuntu.
[   70.369713] cloud-init[1574]: Cloud-init v. 19.1-1-gbaa47854-0ubuntu1~16.04.1 finished at Thu, 22 Aug 2019 17:00:14 +0000. Datasource DataSourceNoCloud [seed=/dev/sdb][dsmode=net].  Up 70.33 seconds
