[    0.000000] Initializing cgroup subsys cpuset
[    0.000000] Initializing cgroup subsys cpu
[    0.000000] Initializing cgroup subsys cpuacct
[    0.000000] Linux version 4.4.0-154-generic (buildd@lgw01-amd64-049) (gcc version 5.4.0 20160609 (Ubuntu 5.4.0-6ubuntu1~16.04.10) ) #181-Ubuntu SMP Tue Jun 25 05:29:03 UTC 2019 (Ubuntu 4.4.0-154.181-generic 4.4.179)
[    0.000000] Command line: BOOT_IMAGE=/boot/vmlinuz-4.4.0-154-generic root=LABEL=cloudimg-rootfs ro console=tty1 console=ttyS0
[    0.000000] KERNEL supported cpus:
[    0.000000]   Intel GenuineIntel
[    0.000000]   AMD AuthenticAMD
[    0.000000]   Centaur CentaurHauls
[    0.000000] x86/fpu: Legacy x87 FPU detected.
[    0.000000] e820: BIOS-provided physical RAM map:
[    0.000000] BIOS-e820: [mem 0x0000000000000000-0x000000000009fbff] usable
[    0.000000] BIOS-e820: [mem 0x000000000009fc00-0x000000000009ffff] reserved
[    0.000000] BIOS-e820: [mem 0x00000000000f0000-0x00000000000fffff] reserved
[    0.000000] BIOS-e820: [mem 0x0000000000100000-0x000000003ffeffff] usable
[    0.000000] BIOS-e820: [mem 0x000000003fff0000-0x000000003fffffff] ACPI data
[    0.000000] BIOS-e820: [mem 0x00000000fec00000-0x00000000fec00fff] reserved
[    0.000000] BIOS-e820: [mem 0x00000000fee00000-0x00000000fee00fff] reserved
[    0.000000] BIOS-e820: [mem 0x00000000fffc0000-0x00000000ffffffff] reserved
[    0.000000] NX (Execute Disable) protection: active
[    0.000000] SMBIOS 2.5 present.
[    0.000000] Hypervisor detected: KVM
[    0.000000] e820: last_pfn = 0x3fff0 max_arch_pfn = 0x400000000
[    0.000000] MTRR: Disabled
[    0.000000] x86/PAT: MTRRs disabled, skipping PAT initialization too.
[    0.000000] CPU MTRRs all blank - virtualized system.
[    0.000000] x86/PAT: Configuration [0-7]: WB  WT  UC- UC  WB  WT  UC- UC  
[    0.000000] found SMP MP-table at [mem 0x0009fff0-0x0009ffff] mapped at [ffff88000009fff0]
[    0.000000] Scanning 1 areas for low memory corruption
[    0.000000] RAMDISK: [mem 0x362fa000-0x37174fff]
[    0.000000] ACPI: Early table checksum verification disabled
[    0.000000] ACPI: RSDP 0x00000000000E0000 000024 (v02 VBOX  )
[    0.000000] ACPI: XSDT 0x000000003FFF0030 00003C (v01 VBOX   VBOXXSDT 00000001 ASL  00000061)
[    0.000000] ACPI: FACP 0x000000003FFF00F0 0000F4 (v04 VBOX   VBOXFACP 00000001 ASL  00000061)
[    0.000000] ACPI: DSDT 0x000000003FFF0470 0021FF (v02 VBOX   VBOXBIOS 00000002 INTL 200105)
[    0.000000] ACPI FACS 0x00000000FFF0200 000040
[    0.000000] ACPI: FACS 0x000000003FFF0200 000040
[    0.000000] ACPI: APIC 0x000000003FFF0240 00005C (v02 VBOX   VBOXAPIC 00000001 ASL  00000061)
[    0.000000] ACPI: SSDT 0x000000003FFF02A0 0001CC (v01 VBOX   VBOXCPUT 00000002 INTL 20180105)
[    0.000000] No NUMA configuration found
[    0.000000] Faking a node at [mem 0x0000000000000000-0x000000003ffeffff]
[    0.000000] NODE_DATA(0) allocated [mem 0x3ffeb000-0x3ffeffff]
[    0.000000] kvm-clock: Using msrs 4b564d01 and 4b564d00
[    0.000000] kvm-clock: cpu 0, msr 0:3ffe3001, primary cpu clock
[    0.000000] kvm-clock: using sched offset of 5006273164 cycles
[    0.000000] clocksource: kvm-clock: mask: 0xffffffffffffffff max_cycles: 0x1cd42e4dffb, max_idle_ns: 881590591483 ns
[    0.000000] Zone ranges:
[    0.000000]   DMA      [mem 0x0000000000001000-0x0000000000ffffff]
[    0.000000]   DMA32    [mem 0x0000000001000000-0x000000003ffeffff]
[    0.000000]   Normal   empty
[    0.000000]   Device   empty
[    0.000000] Movable zone start for each node
[    0.000000] Early memory node ranges
[    0.000000]   node   0: [mem 0x0000000000001000-0x000000000009efff]
[    0.000000]   node   0: [mem 0x0000000000100000-0x000000003ffeffff]
[    0.000000] Initmem setup node 0 [mem 0x0000000000001000-0x000000003ffeffff]
[    0.000000] ACPI: PM-Timer IO Port: 0x4008
[    0.000000] IOAPIC[0]: apic_id 2, version 32, address 0xfec00000, GSI 0-23
[    0.000000] ACPI: INT_SRC_OVR (bus 0 bus_irq 0 global_irq 2 dfl dfl)
[    0.000000] ACPI: INT_SRC_OVR (bus 0 bus_irq 9 global_irq 9 low level)
[    0.000000] Using ACPI (MADT) for SMP configuration information
[    0.000000] smpboot: Allowig 2 CPUs, 0 hotplug CPUs
[    0.000000] PM: Registered nosave memory: [mem 0x00000000-0x0000fff]
[    0.000000] PM: Registered nosave memory: [mem 0x0009f000-0x0009ffff]
[    0.000000] PM: Registered nosave memory: [mem 0x000a0000-0x000effff]
[    0.000000] PM: Registered nosave memoy: [em 0x000f0000-0x000fffff]
[    0.000000] e820: [mem 0x40000000-0xfebfffff] available for PCI devices
[    0.000000] Booting paravirtualized kernel on KVM
[    0.000000] clocksource: refined-jiffies: mask: 0xffffffff max_cycles: 0xffffffff, max_idle_ns: 7645519600211568 ns
[    0.000000] setup_percpu: NR_CPUS:512 nr_cpumask_bits:512 nr_cpu_ids:2 nr_node_ids:1
[    0.000000] PERCPU: Embedded 34 pages/cpu @ffff88003fc00000 s99480 r8192 d31592 u1048576
[    0.000000] Built 1 zonelists in Node order, mobility grouping on.  Total pages: 257912
[    0.000000] Policy zone: DMA32
[    0.000000] Kernel command line: BOOT_IMAGE=/boot/vmlinuz-4.4.0-154-eneric root=LABEL=cloudimg-rootfs ro console=tty1 console=ttyS0
[    0.000000] PID hash table entries: 4096 (order: 3, 32768 bytes)
[    0.000000] Memory: 997732K/1048120K available (8613K kernel code, 1335K rwdata, 4028K rodata, 1484K init, 1284K bss, 50388K reserved, 0K cma-reserved)
[    0.000000] SLUB: HWalign=64, Order=0-3, MinObjects=0, CPUs=2, Nodes=1
[    0.000000] Kernel/User page tables isolation: enabled
[    0.000000] Hierarchical RCU implementation.
[    0.000000] 	Build-time adjustment of leaf fanout to 64.
[    0.000000] 	RCU restricting CPUs from NR_CPU=512 to nr_cpu_ids=2.
[    0.000000] RCU: Adjusting geometry for rcu_fanout_leaf=64, nr_cpu_ids=2
[    0.000000] NR_IRQS:33024 nr_irqs:440 16
[    0.000000] Console: colour VGA+ 80x25
[    0.000000] console [tty1] enabled
[    0.000000] console [ttyS0] enabled
[    0.000000] tsc: Detected 2992.498 MHz processor
[    2.767676] Calibrating delay loop (skipped) preset value.. 5984.99 BogoMIPS (lpj=11969992)
[    2.770565] pid_max: default: 32768 minimum: 301
[    2.772087] ACPI: Core revision 20150930
[    2.774753] ACPI: 2 ACPI AML tables successfully acquired and loaded
[    2.776887] Security Framework initialized
[    2.778311] Yama: becoming mindful.
[    2.779666] AppArmor: AppArmor initialized
[    2.781246] Dentry cache hash table entries: 13172 (order: 8, 1048576 bytes)
[    2.851263] Inode-cache hash table entries: 65536 (order: 7, 524288 bytes)
[    2.986144] Mount-cache hash table entries: 2048 (order: 2, 16384 bytes)
[    3.051644] Mountpoint-cache hash table entries: 2048 (order: 2, 16384 bytes)
[    3.054588] Initializing cgroup subsys io
[    3.055986] Initializing cgroup subsys memory
[    3.057478] Initializing cgroup subsys devices
[    3.058976] Initializing cgroup subsys freezer
[    3.060467] Initializing cgroup subsys net_cls
[    3.101896] Initializing cgroup subsys perf_event
[    3.103440] Initializing cgroup subsys net_prio
[    3.104944] Initializing cgroup subsys hugetlb
[    3.193827] Initializing cgroup subsys pids
[    3.195371] mce: CPU supports 0 MCE banks
[    3.196814] Last level iTLB entries: 4KB 128, 2MB 4, 4MB 4
[    3.294761] Last level dTLB entries: 4KB 256, 2MB 0, 4MB 32, 1GB 0
[    3.296610] Spectre V2 : Mitigation: Full generic retpoline
[    3.391077] Spectre V2 : Spectre v2 / SpectreRSB mitigation: Filling RSB on context switch
[    3.393832] Speculative Store Bypass: Vulnerable
[    3.396273] MDS: Vulnerable: Clear CPU buffers attempted, no microcode
[    3.429771] Freeing SMP alternatives memory: 36K
[    3.439000] ftrace: allocating 32299 entries in 127 pages
[    3.509519] smpboot: APIC(0) Converting physical 0 to logical package 0
[    3.608706] smpboot: Max logical packages: 1
[    3.674181] x2apic enabled
[    3.726217] Switched APIC routing to physical x2apic.
[    3.730249] ..TIMER: vector=0x30 apic1=0 pin1=2 apic2=-1 pin2=-1
[    3.837101] smpboot: CPU0: Intel(R) Core(TM)2 Duo CPU     E8400  @ 3.00GHz (family: 0x6, model: 0x17, stepping: 0xa)
[    3.948130] Performance Events: unsupported p6 CPU model 23 no PMU driver, software events only.
[    4.049300] KVM setup paravirtual spinlock
[    4.080131] x86: Booting SMP configuration:
[    4.086800] .... node  #0, CPUs:      #1
[    4.146023] kvm-clock: cpu 1, msr 0:3ffe3041, secondary cpu clock
[    4.164136] mce: CPU supports 0 MCE banks
[    4.168028] x86: Booted up 1 node, 2 CPUs
[    4.171007] smpboot: Total of 2 processors activated (11969.99 BogoMIPS)
[    4.173605] devtmpfs: initialized
[    4.177678] evm: security.selinux
[    4.180239] evm: security.SMACK64
[    4.181484] evm: security.SMACK64EXEC
[    4.182820] evm: security.SMACK64TRANSMUTE
[    4.184226] evm: security.SMACK64MMAP
[    4.185544] evm: security.ima
[    4.186743] evm: security.capability
[    4.188238] clocksource: jiffies: mask: 0xffffffff max_cycles: 0xffffffff, max_idle_ns: 7645041785100000 ns
[    4.191392] futex hash table entries: 512 (order: 3, 32768 bytes)
[    4.193403] pinctrl core: initialized pinctrl subsystem
[    4.195237] RTC time: 17:10:12, date: 08/08/19
[    4.197144] NET: Registered protocol family 16
[    4.217093] cpuidle: using governor ladder
[    4.237078] cpuidle: using governor menu
[    4.242186] PCCT header not found.
[    4.243490] ACPI: bus type PCI registered
[    4.244875] acpiphp: ACPI Hot Plug PCI Controller Driver version: 0.5
[    4.282459] PCI: Using configuration type 1 for base access
[    4.297837] ACPI: Added _OSI(Module Device)
[    4.299271] ACPI: Added _OSI(Processor Device)
[    4.300742] ACPI: Added _OSI(3.0 _SCP Extensions)
[    4.333866] ACPI: Added _OSI(Processor Aggregator Device)
[    4.360555] ACPI: Executed 1 blocks of module-level executable AML code
[    4.365157] ACPI: Interpreter enabled
[    4.366492] ACPI: (supports S0 S5)
[    4.367756] ACPI: Using IOAPIC for interrupt routing
[    4.369554] PCI: Using host bridge windows from ACPI; if necessary, use "pci=nocrs" and report a bug
[    4.377078] ACPI: PCI Root Bridge [PCI0] (domain 0000 [bus 00-ff])
[    4.428376] acpi PNP0A03:00: _OSC: OS supports [ASPM ClockPM Segments MSI]
[    4.447094] acpi PNP0A03:00: _OSC: not requesting OS control; OS requires [ExtendedConfig ASPM ClockPM MSI]
[    4.528045] acpi PNP0A03:00: fail to add MMCONFIG information, can't access extended PCI configuration space under this bridge.
[    4.604280] PCI host bridge to bus 0000:00
[    4.606792] pci_bus 0000:00: root bus resource [io  0x0000-0x0cf7 window]
[    4.608762] pci_bus 0000:00: root bus resource [io  0x0d00-0xffff window]
[    4.666075] pci_bus 0000:00: root bus resource [mem 0x000a0000-0x000bffff window]
[    4.668656] pci_bus 0000:00: root bus resource [mem 0x40000000-0xfdffffff window]
[    4.743604] pci_bus 0000:00: root bus resource [bus 00-ff]
[    4.773585] pci 0000:00:01.1: legacy IDE quirk: reg 0x10: [io  0x01f0-0x01f7]
[    4.775640] pci 0000:00:01.1: legacy IDE quirk: reg 0x14: [io  0x03f6]
[    4.851061] pci 0000:00:01.1: legacy IDE quirk: reg 0x18: [io  0x0170-0x0177]
[    4.853113] pci 0000:00:01.1: legacy IDE quirk: reg 0x1c: [io  0x0376]
[    4.879266] pci 0000:00:07.0: quirk: [io  0x4000-0x403f] claimed by PIIX4 ACPI
[    4.883778] pci 0000:00:07.0: quirk: [io  0x4100-0x410f] claimed by PIIX4 SMB
[    4.893952] ACPI: PCI Interrupt Link [LNKA] (IRQs 5 9 10 *11)
[    4.899714] ACPI: PCI Interrupt Link [LNKB] (IRQs 5 9 *10 11)
[    4.902180] ACPI: PCI Interrupt Link [LNKC] (IRQs 5 *9 10 11)
[    4.904577] ACPI: PCI Interrupt Link [LNKD] (IRQs 5 9 10 *11)
[    4.907101] ACPI: Enabled 2 GPEs in block 00 to 07
[    4.931921] vgaarb: setting as boot device: PCI:0000:00:02.0
[    4.933668] vgaarb: device added: PCI:0000:00:02.0,decodes=io+mem,owns=io+mem,locks=none
[    4.936416] vgaarb: loaded
[    4.937547] vgaarb: bridge control possible 0000:00:02.0
[    4.939845] SCSI subsystem initialized
[    4.941650] ACPI: bus type USB registered
[    4.943102] usbcore: registered new interface driver usbfs
[    4.944823] usbcore: registered new interface driver hub
[    4.946556] usbcore: registered new device driver usb
[    4.950906] PCI: Using ACPI for IRQ routing
[    4.953050] NetLabel: Initializing
[    4.971400] NetLabel:  domain hash size = 128
[    4.972849] NetLabel:  protocols = UNLABELED CIPSOv4
[    5.006500] NetLabel:  unlabeled traffic allowed by default
[    5.008600] amd_nb: Cannot enumerate AMD northbridges
[    5.047976] clocksource: Switched to clocksource kvm-clock
[    5.064224] AppArmor: AppArmor Filesystem Enabled
[    5.189822 pnp: PnP ACPI ni
[    5.287422] pnp: PnP ACPI: found 3 devices

[    5.301042] clocksourc acpi_pm: mask: 0xffffff max_cycles: 0xffffff, max_idle_ns: 2085701024 ns
[    5.364286] NET: Registered protocol family 2

[    5.366342] TCP established hash table entries: 8192 (order: 4, 65536 bytes)
[    5.368503] TCP bind hash table entries: 8192 (order: 5, 131072 bytes)
[    5.370550] TCP: Hash tables configured (established 8192 bind 8192)
[    5.372580] UDP hash table entries: 512 (order: 2, 16384 bytes)
[    5.374490] UDP-Lite hash table entries: 512 (order: 2, 16384 bytes)
[    5.376541] NET: Registered protocol family 1
[    5.378110] pci 0000:00:00.0: Limiting direct PCI/PCI transfers
[    5.379993] pci 0000:00:01.0: Activating ISA DMA hang workarounds
[    5.382165] Unpacking initramfs...
[  5.632794] Freeing initrd memory: 14828K
[    5.692944] clocksource: tsc: mask: 0xffffffffffffffff max_cycles: 0x2b2296bc2b9, max_idle_ns: 440795321505 ns
[    5.696123] platform rtc_cmos: registered platform RTC device (no PNP device found)
[    5.698831] Scanning for low memory corruption every 60 seconds

[    5.701808] audit: initializing netlink subsys (disabled)
[    5.703722] audit: type=2000 audit(1565284215.512:1): initialized
[    5.711323] Initialise system trusted keyring
[    5.713021] HugeTLB registered 2 MB page size, pre-allocated 0 pages
[    5.716900] zbud: loaded
[    5.718451] VFS: Disk quotas dquot_6.6.0
[    5.719936] VFS: Dquot-cache hash table entries: 512 (order 0, 4096 bytes)
[    5.722654] squashfs: version 4.0 (2009/01/31) Phillip Lougher
[    5.724978] fuse init (API version 7.23)
[    5.726684] Key type big_key registered
[    5.728111] Allocating IMA MOK and blacklist keyrings.
[    5.731494] Key type asymmetric registered
[    5.738339] Asymmetric key parser 'x509' registered
[    5.740039] Block layer SCSI generic (bsg) driver version 0.4 loaded (major 249)
[    5.742897] io scheduler noop registered
[    5.744345] io scheduler deadline registered (default)
[    5.746104] io scheduler cfq registered
[    5.747666] pci_hotplug: PCI Hot Plug PCI Core version: 0.5
[    5.768854] pciehp: PCI Express Hot Plug Controller Driver version: 0.4
[    5.771064] ACPI: AC Adapter [AC] (on-line)
[    5.772671] input: Power Button as /devices/LNXSYSTM:00/LNXPWRBN:00/input/input0
[    5.775368] ACPI: Power Button [PWRF]
[    5.776852] input: Sleep Button as /devices/LNXSYSTM:00/LNXSLPBN:00/input/input1
[    5.779538] ACPI: Sleep Button [SLPF]
[    5.788623] GHES: HEST is not enabled!
[    5.866530] Serial: 8250/16550 driver, 32 ports, IRQ sharing enabled
[    5.891493] 00:02: ttyS0 at I/O 0x3f8 (irq = 4, base_baud = 115200) is a 16550A
[    5.970644] Linux agpgart interface v0.103
[    5.974939] loop: module loaded
[    5.977118] scsi host0: ata_piix
[    5.981217] scsi host1: ata_piix
[    5.982511] ata1: PATA max UDMA/33 cmd 0x1f0 ctl 0x3f6 bmdma 0xd000 irq 14
[    5.984562] ata2: PATA max UDMA/33 cmd 0x170 ctl 0x376 bmdma 0xd008 irq 15
[    5.986710] libphy: Fixed MDIO Bus: probed
[    5.988514] tun: Universal TUN/TAP device driver, 1.6
[    5.990172] tun: (C) 1999-2004 Max Krasnyansky <maxk@qualcomm.com>
[    5.992203] PPP generic driver version 2.4.2
[    5.993861] ehci_hcd: USB 2.0 'Enhanced' Host Controller (EHCI) Driver
[    5.995857] ehci-pci: EHCI PCI platform driver
[    6.002761] ehci-platform: EHCI generic platform driver
[    6.004542] ohci_hcd: USB 1.1 'Open' Host Controller (OHCI) Driver
[    6.006463] ohci-pci: OHCI PCI platform driver
[    6.008035] ohci-platform: OHCI generic platform driver
[    6.026799] uhci_hcd: USB Universal Host Controller Interface driver
[    6.048787] i8042: PNP: PS/2 Controller [PNP0303:PS2K,PNP0f03:PS2M] at 0x60,0x64 irq 1,12
[    6.052350] serio: i8042 KBD port at 0x60,0x64 irq 1
[    6.053993] serio: i8042 AUX port at 0x60,0x64 irq 12
[    6.055957] mousedev: PS/2 mouse device common for all mice
[    6.063702] input: AT Translated Set 2 keyboard as /devices/platform/i8042/serio0/input/input2
[    6.068438] rtc_cmos rtc_cmos: rtc core: registered rtc_cmos as rtc0
[    6.068547] rtc_cmos rtc_cmos: alarms up to one day, 114 bytes nvram
[    6.068554] i2c /dev entries driver
[    6.068633] device-mapper: uevent: version 1.0.3
[    6.068715] device-mapper: ioctl: 4.34.0-ioctl (2015-10-28) initialised: dm-devel@redhat.com
[    6.068748] ledtrig-cpu: registered to indicate activity on CPUs
[    6.069189] NET: Registered protocol family 10
[    6.069579] NET: Registered protocol family 17
[    6.069600] Key type dns_resolver registered
[    6.069963] registered taskstats version 1
[    6.069987] Loading compiled-in X.509 certificates
[    6.070999] Loaded X.509 cert 'Build time autogenerated kernel key: 65139e04a67245b562a838c28b5e7032abdd4348'
[    6.071026] zswap: loaded using pool lzo/zbud
[    6.087111] Key type trusted registered
[    6.115686] Key type encrypted registered
[    6.115691] AppArmor: AppArmor sha1 policy hashing enabled
[    6.115709] ima: No TPM chip found, activating TPM-bypass!
[    6.115719] ima: Allocated hash algorithm: sha1
[    6.115750] evm: HMAC attrs: 0x1
[    6.116168]   Magic number: 15:33:188
[    6.118386] rtc_cmos rtc_cmos: setting system clock to 2019-08-08 17:10:14 UTC (1565284214)
[    6.118574] BIOS EDD facility v0.16 2004-Jun-25, 0 devices found
[    6.118574] EDD information not available.
[    6.149062] Freeing unused kernel memory: 1484K
[    6.160037] Write protecting the kernel read-only data: 14336k
[    6.175947] Freeing unused kernel memory: 1616K
[    6.177885] Freeing unused kernel memory: 68K
Loading, please wait...
starting version[    6.353819] random: systemd-udevd: uninitialized urandom read (16 bytes read, 2 bits of entropy available)
 229
[    6.384887] random: systemd-udevd: uninitialized urandom read (16 bytes read, 2 bits of entropy available)
[    6.391185] random: udevadm: uninitialized urandom read (16 bytes read, 2 bits of entropy available)
[    6.391282] random: udevadm: uninitialized urandom read (16 bytes read, 2 bits of entropy available)
[    6.407169] random: systemd-udevd: uninitialized urandom read (16 bytes read, 2 bits of entropy available)
[    6.412778] random: systemd-udevd: uninitialized urandom read (16 bytes read, 2 bits of entropy available)
[    6.457393] random: systemd-udevd: uninitialized urandom read (16 bytes read, 2 bits of entropy available)
[    6.462391] random: systemd-udevd: uninitialized urandom read (16 bytes read, 2 bits of entropy available)
[    6.468278] random: systemd-udevd: uninitialized urandom read (16 bytes read, 2 bits of entropy available)
[    6.477838] random: systemd-udevd: uninitialized urandom read (16 bytes read, 2 bits of entropy available)
[    6.791243] e1000: Intel(R) PRO/1000 Network Driver - version 7.3.21-k8-NAPI
[    6.791244] Fusion MPT base driver 3.04.20
[    6.791244] Copyright (c) 1999-2008 LSI Corporation
[    6.800269] e1000: Copyright (c) 1999-2006 Intel Corporation.
[    6.835402] Fusion MPT SPI Host driver 3.04.20
[    7.059486] input: ImExPS/2 Generic Explorer Mouse as /devices/platform/i8042/serio1/input/input4
[    7.339702] e1000 0000:00:03.0 eth0: (PCI:33MHz:32-bit) 02:1e:e5:6d:71:21
[    7.347126] e1000 0000:00:03.0 eth0: Intel(R) PRO/1000 Network Connection
[    7.351870] mptbase: ioc0: Initiating bringup
[    7.354179] e1000 0000:00:03.0 enp0s3: renamed from eth0
[    7.420454] ioc0: LSI53C1030 A0: Capabilities={Initiator}
[    7.589709] scsi host2: ioc0: LSI53C1030 A0, FwRev=00000000h, Ports=1, MaxQ=256, IRQ=20
[    7.712505] scsi 2:0:0:0: Direct-Access     VBOX     HARDDISK         1.0  PQ: 0 ANSI: 5
[    7.769483] scsi target2:0:0: Beginning Domain Validation
[    7.772731] scsi target2:0:0: Domain Validation skipping write tests
[    7.774634] scsi target2:0:0: Ending Domain Validation
[    7.776347] scsi target2:0:0: asynchronous
[    7.778319] scsi 2:0:1:0: Direct-Access     VBOX     HARDDISK         1.0  PQ: 0 ANSI: 5
[    7.781051] scsi target2:0:1: Beginning Domain Validation
[    7.784314] scsi target2:0:1: Domain Validation skipping write tests
[    7.786226] scsi target2:0:1: Ending Domain Validation
[    7.787978] scsi target2:0:1: asynchronous
[    7.798308] sd 2:0:0:0: [sda] 20971520 512-byte logical blocks: (10.7 GB/10.0 GiB)
[    7.801232] sd 2:0:0:0: Attached scsi generic sg0 type 0
[    7.809137] sd 2:0:0:0: [sda] Write Protect is off
[    7.811210] sd 2:0:0:0: [sda] Incomplete mode parameter data
[    7.828866] sd 2:0:0:0: [sda] Assuming drive cache: write through
[    7.834228] sd 2:0:1:0: [sdb] 20480 512-byte logical blocks: (10.5 MB/10.0 MiB)
[    7.844720]  sda: sda1
[    7.880797] sd 2:0:1:0: Attached scsi generic sg1 type 0
[    7.881794] sd 2:0:0:0: [sda] Attached SCSI disk
[    7.888835] sd 2:0:1:0: [sdb] Write Protect is off
[    7.888947] sd 2:0:1:0: [sdb] Incomplete mode parameter data
[    7.888949] sd 2:0:1:0: [sdb] Assuming drive cache: write through
[    7.928431] sd 2:0:1:0: [sdb] Attached SCSI disk
Begin: Loading essential drivers ... [   10.299731] md: linear personality registered for level -1
[   10.323069] md: multipath personality registered for level -4
[   10.347385] md: raid0 personality registered for level 0
[   10.375500] md: raid1 personality registered for level 1
[   10.477459] raid6: sse2x1   gen()  5045 MB/s
[   10.577469] raid6: sse2x1   xor()  5260 MB/s
[   10.677473] raid6: sse2x2   gen()  7124 MB/s
[   10.748104] raid6: sse2x2   xor()  4854 MB/s
[   10.827660] raid6: sse2x4   gen()  8079 MB/s
[   10.910151] raid6: sse2x4   xor()  5216 MB/s
[   10.938832] raid6: using algorithm sse2x4 gen() 8079 MB/s
[   10.941029] raid6: .... xor() 5216 MB/s, rmw enabled
[   10.942744] raid6: using ssse3x2 recovery algorithm
[   10.960122] xor: measuring software checksum speed
[   11.012001]    prefetch64-sse: 11374.000 MB/sec
[   11.051993]    generic_sse: 18594.000 MB/sec
[   11.057508] xor: using function: generic_sse (18594.000 MB/sec)
[   11.069298] async_tx: api initialized (async)
[   11.102490] md: raid6 personality registered for level 6
[   11.105649] md: raid5 personality registered for level 5
[   11.108351] md: raid4 personality registered for level 4
[   11.166821] md: raid10 personality registered for level 10
done.
Begin: Running /scripts/init-premount ... done.
Begin: Mounting root file system ... Begin: Running /scripts/local-top ... done.
Begin: Running /scripts/local-premount ... [   11.320721] Btrfs loaded
Scanning for Btrfs filesystems
done.
Warning: fsck not present, so skipping root file system
[   11.547124] EXT4-fs (sda1): mounted filesystem with ordered data mode. Opts: (null)
done.
Begin: Running /scripts/local-bottom ... done.
Begin: Running /scripts/init-bottom ... done.
[   12.367797] systemd[1]: systemd 229 running in system mode. (+PAM +AUDIT +SELINUX +IMA +APPARMOR +SMACK +SYSVINIT +UTMP +LIBCRYPTSETUP +GCRYPT +GNUTLS +ACL +XZ -LZ4 +SECCOMP +BLKID +ELFUTILS +KMOD -IDN)
[   12.374672] systemd[1]: Detected virtualization oracle.
[   12.376420] systemd[1]: Detected architecture x86-64.

Welcome to [1mUbuntu 16.04.6 LTS[0m!

[   12.396834] systemd[1]: Set hostname to <ubuntu>.
[   12.406376] systemd[1]: Initializing machine ID from random generator.
[   12.408525] systemd[1]: Installed transient /etc/machine-id file.
[   12.868974] random: nonblocking pool is initialized
[  13.540589] systemd[1]: Reached target Encrypted Volumes.
[[0;32m  OK  [0m] Reached target Encrypted Volumes.
[   13.576470] systemd[1]: Listening on Device-mapper event daemon FIFOs.
[[0;32m  OK  [0m] Listening on Device-mapper event daemon FIFOs.
[   13.580720] systemd[1]: Listening on Journal Socket.
[[0;32m  OK  [0m] Listening on Journal Socket.
[   13.584395] systemd[1]: Started Forward Password Requests to Wall Directory Watch.
[[0;32m  OK  [0m] Started Forward Password Requests to Wall Directory Watch.
[   13.589408] systemd[1]: Listening on udev Kernel Socket.
[[0;32m  OK  [0m] Listening on udev Kernel Socket.
[   13.592930] systemd[1]: Reached target User and Group Name Lookups.
[[0;32m  OK  [0m] Reached target User and Group Name Lookups.
[   13.596953] systemd[1]: Started rigger resolvconf update for networkd DNS.
[[0;32m  OK  [0m] Started Trigger resolvconf update for networkd DNS.
[   13.631515] systemd[1]: Listening on LVM2 metadata daemon socket.
[[0;32m  OK  [0m] Listening on LVM2 metadata daemon socket.
[   13.635462] systemd[1]: Listening on Journal Socket (/dev/log).
[[0;32m  OK  [0m] Listening on Journal Socket (/dev/log).
[   13.639373] systemd[1]: Listening on udev Control Socket.
[[0;32m  OK  [0m] Listening on udev Control Socket.
[   13.642939] systemd[1]: Reached target Swap.
[[0;32m  OK  [0m] Reached target Swap.
[   13.646314] systemd[1]: Listening on /dev/initctl Compatibility Named Pipe.
[[0;32m  OK  [0m] Listening on /dev/initctl Compatibility Named Pipe.
[   13.650823] systemd[1]: Listening on Syslog Socket.
[[0;32m  OK  [0m] Listening on Syslog Socket.
[   13.655666] systemd[1]: Created slice User and Session Slice.
[[0;32m  OK  [0m] Created slice User and Session Slice.
[   13.659549] systemd[1]: Listening on LVM2 poll daemon socket.
[[0;32m  OK  [0m] Listening on LVM2 poll daemon socket.
[   13.663939] systemd[1]: Set up automount Arbitrary Executable File Formats File System Automount Point.
[[0;32m  OK  [0m] Set up automount Arbitrary Executab...ats File System Automount Point.
[   13.669344] systemd[1]: Reached target System Time Synchronized.
[[0;32m  OK  [0m] Reached target System Time Synchronized.
[   13.674129] systemd[1]: Created slice System Slice.
[[0;32m  OK  [0m] Created slice System Slice.

[   13.692849] systemd[1]: Starting Nameserver information manager...
         Starting Nameserver information manager...
[   13.719268] systemd[1]: Starting Set console keymap...
         Starting Set console keymap...
[   13.733107] systemd[1]: Created slice system-serial\x2dgetty.slice.
[[0;32m  OK  [0m] Created slice system-serial\x2dgetty.slice.
[   13.781217] systemd[1]: Starting Create list of required static device nodes for the current kernel...
         Starting Create list of required st... nodes for the current kernel...
[   13.824469] systemd[1]: Mounting Debug File System...
         Mounting Debug File System...
[   13.861904] systemd[1]: Starting Monitoring of LVM2 mirrors, snapshots etc. using dmeventd or progress polling...
         Starting Monitoring of LVM2 mirrors... dmeventd or progress polling...
[   13.889316] systemd[1]: Reached target Slices.
[[0;32m  OK  [0m] Reached target Slices.
[   13.921696] systemd[1]: Starting Uncomplicated firewall...
         Starting Uncomplicated firewall...
[   13.998551] systemd[1]: Starting Load Kernel Modules...
         Starting Load Kernel Modules...
[   14.045259] systemd[1]: Starting Remount Root and Kernel File Systems...
         Starting Remount Root and Kernel File Systems...
[   14.140825] systemd[1]: Mounting POSIX Message Queue File System...
         Mounting POSIX M[   14.162929] EXT4-fs (sda1): re-mounted. Opts: (null)
essage Queue File System...
[   14.195224] Loading iSCSI transport class v2.0-870.
[   14.240513] systemd[1]: Mounting Huge Pages File System...
         Mounting Huge Pages File System...
[   14.271281] systemd[1]: Listening on Journal Audit Socket.
[[0;32m  OK  [0m] Listening on Journal Audit Socket.
[   14.301357] iscsi: registered transport (tcp)
[   14.329179] systemd[1]: Starting Journal Service...
         Starting Journal Service...
[   14.367394] systemd[1]: Mounted POSIX Message Queue File System.
[[0;32m  OK  [0m] Mounted POSIX Message Queue File System.
[   14.396697] systemd[1]: Mounted Huge Pages File System.
[[0;32m  OK  [0m] Mounted Huge Pages File System.
[   14.410888] systemd[1]: Mounted Debug File System.
[[0;32m  OK  [0m] Mounted Debug File System.
[   14.458186] systemd[1]: Started Set console keymap.
[[0;32m  OK  [0m] Started Set console keymap.
[   14.479227] systemd[1]: Started Create list of required static device nodes for the current kernel.
[[0;32m  OK  [0m] Started Create list of required sta...ce nodes for the current kernel.
[   14.501797] systemd[1]: Started Uncomplicated firewall.
[[0;32m  OK  [0m] Started Uncompli[   14.521276] iscsi: registered transport (iser)
cated firewall.
[   14.532603] systemd[1]: Started Remount Root and Kernel File Systems.
[[0;32m  OK  [0m] Started Remount Root and Kernel File Systems.
[   14.568898] systemd[1]: Started Nameserver information manager.
[[0;32m  OK  [0m] Started Nameserver information manager.
[   14.580159] systemd[1]: Started Load Kernel Modules.
[[0;32m  OK  [0m] Started Load Kernel Modules.
[   14.610382] systemd[1]: Started Journal Service.
[[0;32m  OK  [0m] Started Journal Service.
[[0;32m  OK  [0m] Started LVM2 metadata daemon.
         Starting Apply Kernel Variables...
         Mounting FUSE Control File System...
         Starting Flush Journal to Persistent Storage...
         Starting Load/Save Random Seed...
         Starting udev Coldplug all Devices...
         Starting Create Static Device Nodes in /dev...
[[0;32m  OK  [0m] Mounted FUSE Control File System.
[[0;32m  OK  [0m] Started Apply Kernel Variables.
[[0;32m  OK  [0m] Started Load/Save Random Seed.
[[0;32m  OK  [0m] Started Create Static Device Nodes in /dev.
         Starting udev Kernel Device Manager...
[[0;32m  OK  [0m] Started Flush Journal to Persistent Storage.
[[0;32m  OK  [0m] Started Monitoring of LVM2 mirrors,...ng dmeventd or progress polling.
[[0;32m  OK  [0m] Reached target Local File Systems (Pre).
[[0;32m  OK  [0m] Reached target Local File Systems.
         Starting Set console font and keymap...
         Starting Commit a transient machine-id on disk...
         Starting Initial cloud-init job (pre-networking)...
         Starting Tell Plymouth To Write Out Runtime Data...
         Starting LSB: AppArmor initialization...
         Starting Create Volatile Files and Directories...
[[0;32m  OK  [0m] Started Commit a transient machine-id on disk.
[[0;32m  OK  [0m] Started Tell Plymouth To Write Out Runtime Data.
[[0;32m  OK  [0m] Started udev Kernel Device Manager.
[[0;32m  OK  [0m] Started Create Volatile Files and Directories.
         Starting Update UTMP about System Boot/Shutdown...
[[0;32m  OK  [0m] Started Update UTMP about System Boot/Shutdown.
[[0;32m  OK  [0m] Started udev Coldplug all Devices.
[[0;32m  OK  [0m] Started Dispatch Password Requests to Console Directory Watch.
[[0;32m  OK  [0m] Found device /dev/ttyS0.
[[0;32m  OK  [0m] Listening on Load/Save RF Kill Switch Status /dev/rfkill Watch.
[[0;32m  OK  [0m] Started LSB: AppArmor initialization.
[   17.960164] cloud-init[464]: Cloud-init v. 19.1-1-gbaa47854-0ubuntu1~16.04.1 running 'init-local' at Thu, 08 Aug 2019 17:10:29 +0000. Up 16.49 seconds.
[[0;32m  OK  [0m] Started Initial cloud-init job (pre-networking).
[[0;32m  OK  [0m] Reached target Network (Pre).
         Starting Raise network interfaces...
[[0;32m  OK  [0m] Started Set console font and keymap.
[[0;32m  OK  [0m] Created slice system-getty.slice.
[[0;32m  OK  [0m] Started Raise network interfaces.
[[0;32m  OK  [0m] Reached target Network.
         Starting Initial cloud-init job (metadata service crawler)...
[   24.896656] cloud-init[953]: Cloud-init v. 19.1-1-gbaa47854-0ubuntu1~16.04.1 running 'init' at Thu, 08 Aug 2019 17:10:34 +0000. Up 21.42 seconds.
[   24.902597] cloud-init[953]: ci-info: ++++++++++++++++++++++++++++++++++++++Net device info++++++++++++++++++++++++++++++++++++++
[   24.909032] cloud-init[953]: ci-info: +--------+------+----------------------------+---------------+--------+-------------------+
[   24.923151] cloud-init[953]: ci-info: | Device |  Up  |          Address           |      Mask     | Scope  |     Hw-Address    |
[   24.932389] cloud-init[953]: ci-info: +--------+------+----------------------------+---------------+--------+-------------------+
[   24.943226] cloud-init[953]: ci-info: | enp0s3 | True |         10.0.2.15          | 255.255.255.0 | global | 02:1e:e5:6d:71:21 |
[   24.951964] cloud-init[953]: ci-info: | enp0s3 | True | fe80::1e:e5ff:fe6d:7121/64 |       .       |  link  | 02:1e:e5:6d:71:21 |
[   24.960368] cloud-init[953]: ci-info: |   lo   | True |         127.0.0.1          |   255.0.0.0   |  host  |         .         |
[   24.970436] cloud-init[953]: ci-info: |   lo   | True |          ::1/128           |       .       |  host  |         .         |
[   24.976903] cloud-init[953]: ci-info: +--------+------+----------------------------+---------------+--------+-------------------+
[   24.993784] cloud-init[953]: ci-info: +++++++++++++++++++++++++++Route IPv4 info++++++++++++++++++++++++++++
[   25.061067] cloud-init[953]: ci-info: +-------+-------------+----------+---------------+-----------+-------+
[   25.069951] cloud-init[953]: ci-info: | Route | Destination | Gateway  |    Genmask    | Interface | Flags |
[   25.081789] cloud-init[953]: ci-info: +-------+-------------+----------+---------------+-----------+-------+
[   25.091877] cloud-init[953]: ci-info: |   0   |   0.0.0.0   | 10.0.2.2 |    0.0.0.0    |   enp0s3  |   UG  |
[   25.099531] cloud-init[953]: ci-info: |   1   |   10.0.2.0  | 0.0.0.0  | 255.255.255.0 |   enp0s3  |   U   |
[   25.111419] cloud-init[953]: ci-info: +-------+-------------+----------+---------------+-----------+-------+
[   25.120877] cloud-init[953]: ci-info: +++++++++++++++++++Route IPv6 info+++++++++++++++++++
[   25.129961] cloud-init[953]: ci-info: +-------+-------------+---------+-----------+-------+
[   25.161003] cloud-init[953]: ci-info: | Route | Destination | Gateway | Interface | Flags |
[   25.182634] cloud-init[953]: ci-info: +-------+-------------+---------+-----------+-------+
[   25.190193] cloud-init[953]: ci-info: |   0   |  fe80::/64  |    ::   |   enp0s3  |   U   |
[   25.195636] cloud-init[953]: ci-info: |   4   |   ff00::/8  |    ::   |   enp0s3  |   U   |
[   25.203780] cloud-init[953]: ci-info: +-------+-------------+---------+-----------+-------+
[   25.212284] cloud-init[953]: Generating public/private rsa key pair.
[   25.217893] cloud-init[953]: Your identification has been saved in /etc/ssh/ssh_host_rsa_key.
[   25.225077] cloud-init[953]: Your public key has been saved in /etc/ssh/ssh_host_rsa_key.pub.
[   25.234765] cloud-init[953]: The key fingerprint is:
[   25.241096] cloud-init[953]: SHA256:9bpkV8O63aIK3DXW2QccbgMDgsspDkYklMjsThKfFH4 root@ubuntu-xenial
[   25.295361] cloud-init[953]: The key's randomart image is:
[[0;32m  OK  [0m] Started Initial cloud-init job (metadata service crawler).
[   25.331492] cloud-init[953]: +---[RSA 2048]----+
[   25.357055] cloud-init[953]: |*o+.   .. ..o .  |
[   25.366334] cloud-init[953]: |o*o   .  .   = . |
[   25.370084] cloud-init[953]: |.=..E. o  .   *  |
[[0;32m  OK  [0m] Reached target System Initialization.
[[0;32m  OK  [0m] Listening on ACPID Listen Socket.
[   25.377885] cloud-init[953]: |.o=.. +  . . + = |
[[0;32m  OK  [0m] Started Daily apt download activities.
[[0;32m  OK  [0m] Started Daily apt upgrade and clean activities.
[   25.393949] cloud-init[953]: |+. o .  S   = * o|
[   25.448661] cloud-init[953]: | .  .  . . + + ..|
[   25.488456] cloud-init[953]: |        o = o    |
[   25.512718] cloud-init[953]: |         + o o.. |
         Starting LXD - unix socket.
[   25.549532] cloud-init[953]: |          o.o....|
[   25.561162] cloud-init[953]: +----[SHA256]-----+
[   25.574931] cloud-init[953]: Generating public/private dsa key pair.
[   25.674342] cloud-init[953]: Your identification has been saved in /etc/ssh/ssh_host_dsa_key.
[   25.740681] cloud-init[953]: Your public key has been saved in /etc/ssh/ssh_host_dsa_key.pub.
[   25.830676] cloud-init[953]: The key fingerprint is:
[[   25.892807] cloud-init[953]: SHA256:5BVCU4oQalrKBtsmECKa9EI51RgJ/vEDrkdKnkuqvII root@ubuntu-xenial
[0;32m  OK  [0m] Started ACPI Events Check.
[[0;32m  OK  [0m] Reached target Paths.
[[0;32m  OK  [0m[   25.896304] cloud-init[953]: The key's randomart image is:
] Listening on D-Bus System Message Bus Socket.
[[0;32m  OK  [0m[   25.912976] cloud-init[953]: +---[DSA 1024]----+
[   25.916936] cloud-init[953]: |+++oB. .+.o      |] Started Daily Cleanup of Temporary Directories.

[   25.928738] cloud-init[953]: |B=.+ o . + .     |
[   25.932692] cloud-init[953]: |=o=+  . o .      |
[   25.937499] cloud-init[953]: |+B+ +  o .       |
         Starting Socket activation for snappy daemon.
[[0;32m  OK  [0m] Reached target Timers.
[[   25.948307] cloud-init[953]: |=+o+ o  S        |
[   25.954531] cloud-init[953]: |+o=   .          |
[   25.954826] cloud-init[953]: |.* .             |
[   25.955345] cloud-init[953]: |E o              |
[   25.955636] cloud-init[953]: |=+.              |
[   25.955876] cloud-init[953]: +----[SHA256]-----+
[   25.956113] cloud-init[953]: Generating public/private ecdsa key pair.
[   25.956346] cloud-init[953]: Your identification has been saved in /etc/ssh/ssh_host_ecdsa_key.
[   25.956578] cloud-init[953]: Your public key has been saved in /etc/ssh/ssh_host_ecdsa_key.pub.
[   25.956856] cloud-init[953]: The key fingerprint is:
[   25.957093] cloud-init[953]: SHA256:RVK3RPWVgJv9jx68mxyWdjvtVO7Qastb1cecV5qN5Ck root@ubuntu-xenial
[   25.957333] cloud-init[953]: The key's randomart image is:
[   25.957567] cloud-init[953]: +---[ECDSA 256]---+
[   25.957802] cloud-init[953]: |        ..o.=oo o|
[   25.958038] cloud-init[953]: |         o + . o.|
[   25.958286] cloud-init[953]: |          . = . o|
[   25.958533] cloud-init[953]: |         . o + O+|
[   25.958767] cloud-init[953]: |        S   E B.X|
[   25.958995] cloud-init[953]: |             o ==|
[   25.959237] cloud-init[953]: |              O.O|
[   25.959468] cloud-init[953]: |             =o&+|
[   25.959753] cloud-init[953]: |             o@*+|
[   25.959987] cloud-init[953]: +----[SHA256]-----+
[   25.960214] cloud-init[953]: Generating public/private ed25519 key pair.
[   25.960454] cloud-init[953]: Your identification has been saved in /etc/ssh/ssh_host_ed25519_key.
[   25.960687] cloud-init[953]: Your public key has been saved in /etc/ssh/ssh_host_ed25519_key.pub.
[   25.960922] cloud-init[953]: The key fingerprint is:
[   25.961161] cloud-init[953]: SHA256:/MGdYa7ZFWLrZC78tnJ1fr9pb+f/6Gsnil5uL+JeIUI root@ubuntu-xenial
[   25.961396] cloud-init[953]: The key's randomart image is:
[   25.961635] cloud-init[953]: +--[ED25519 256]--+
[   25.961863] cloud-init[953]: |                 |
[0;32m  OK  [0m] Listening on UUID daemon activation socket.
[[0;32m  OK  [0m] Reached target Cloud-config availability.
[[0;32m  OK  [0m] Reached target Network is Online.
[   25.962266] cloud-init[953]: |                 |
[   26.410942] cloud-init[953]: |        E   = .  |
[   26.423716] cloud-init[953]:          |       o . = = . |
[   26.429361] cloud-init[953]: |        S + O .  |
[   26.429600] cloud-init[953]: |         + @ o. .|
[   26.431467] Starting iSCSI initiator daemon (iscsid)...
[cloud-init[953]: |          * *. o |
[   26.447131] cloud-init[953]: |          oB= ooB|
[   26.448461] cloud-init[953]: |         +=*=B*O#|
[   26.448701] cloud-init[953]: +----[SHA256]-----+
[0;32m  OK  [0m] Listening on LXD - unix socket.
[[0;32m  OK  [0m] Listening on Socket activation for snappy daemon.
[[0;32m  OK  [0m] Reached target Sockets.
[[0;32m  OK  [0m] Reached target Basic System.
[[0;32m  OK  [0m] Started D-Bus System Message Bus.
         Starting Login Service...
         Starting LSB: Record successful boot for GRUB...
[[0;32m  OK  [0m] Started ACPI event daemon.
         Starting LSB: MD monitoring daemon...
         Starting Accounts Service...
         Starting Snappy daemon...
         Starting Virtualbox guest utils...
         Starting /etc/rc.local Compatibility...
         Starting LXD - container startup/shutdown...
         Starting Pollinate to seed the pseudo random number generator...
[[0;32m  OK  [0m] Started FUSE filesystem for LXC.
[[0;32m  OK  [0m] Started Regular background program processing daemon.
[[0;32m  OK  [0m] Started Deferred execution scheduler.
         Starting System Logging Service...
[[0;32m  OK  [0m] Started /etc/rc.local Compatibility.
[[0;32m  OK  [0m] Started iSCSI initiator daemon (iscsid).
         Starting Login to default iSCSI targets...
[[0;32m  OK  [0m] Started Login Service.
[[0;32m  OK  [0m] Started Unattended Upgrades Shutdown.
[[0;32m  OK  [0m] Started System Logging Service.
         Starting Authenticate and Authorize Users to Run Privileged Tasks...
[[0;32m  OK  [0m] Started LSB: Record successful boot for GRUB.
[[0;32m  OK  [0m] Started LSB: MD monitoring daemon.
[[0;32m  OK  [0m] Started Authenticate and Authorize Users to Run Privileged Tasks.
[[0;32m  OK  [0m] Started Login to default iSCSI targets.
[[0;32m  OK  [0m] Started Accounts Service.
[[0;32m  OK  [0m] Reached target Remote File Systems (Pre).
[[0;32m  OK  [0m] Reached target Remote File Systems.
         Starting LSB: Set the CPU Frequency Scaling governor to "ondemand"...
         Starting LSB: automatic crash report generation...
         Starting Permit User Sessions...
         Starting LSB: daemon to balance interrupts for SMP systems...
[[0;32m  OK  [0m] Started Virtualbox guest utils.
[[0;32m  OK  [0m] Started Permit User Sessions.
         Starting Terminate Plymouth Boot Screen...
         Starting Hold until boot process finishes up...
[[0;32m  OK  [0m] Started Hold until boot process finishes up.
[[0;32m  OK  [0m] Started Terminate Plymouth Boot Screen.
[[0;32m  OK  [0m] Started Getty on tty1.
         Starting Set console scheme...
[[0;32m  OK  [0m] Started Serial Getty on ttyS0.
[[0;32m  OK  [0m] Reached target Login Prompts.
[[0;32m  OK  [0m] Started LXD - container startup/shutdown.
[[0;32m  OK  [0m] Started Set console scheme.
[[0;32m  OK  [0m] Started LSB: Set the CPU Frequency Scaling governor to "ondemand".
[[0;32m  OK  [0m] Started LSB: automatic crash report generation.
[[0;32m  OK  [0m] Started LSB: daemon to balance interrupts for SMP systems.
[[0;32m  OK  [0m] Started Snappy daemon.
         Starting Wait until snapd is fully seeded...
[[0;32m  OK  [0m] Started Pollinate to seed the pseudo random number generator.
         Starting OpenBSD Secure Shell server...
[[0;32m  OK  [0m] Started OpenBSD Secure Shell server.
[[0;32m  OK  [0m] Created slice User Slice of vagrant.
         Starting User Manager for UID 1000...
[[0;32m  OK  [0m] Started Session 1 of user vagrant.
[[0;32m  OK  [0m] Started User Manager for UID 1000.
[[0;32m  OK  [0m] Started Wait until snapd is fully seeded.
         Starting Apply the settings specified in cloud-config...
[[0;32m  OK  [0m] Reached target Multi-User System.
[[0;32m  OK  [0m] Reached target Graphical Interface.
         Starting Update UTMP about System Runlevel Changes...

Ubuntu 16.04.6 LTS ubuntu-xenial ttyS0

ubuntu-xenial login: [   38.036774] cloud-init[1382]: Generating locales (this might take a while)...
[   41.332813] cloud-init[1382]:   en_US.UTF-8... done
[   41.339314] cloud-init[1382]: Generation complete.
[   43.127685] cloud-init[1382]: Cloud-init v. 19.1-1-gbaa47854-0ubuntu1~16.04.1 running 'modules:config' at Thu, 08 Aug 2019 17:10:50 +0000. Up 37.15 seconds.
ci-info: no authorized ssh keys fingerprints found for user ubuntu.
<14>Aug  8 17:10:58 ec2: 
<14>Aug  8 17:10:58 ec2: #############################################################
<14>Aug  8 17:10:58 ec2: -----BEGIN SSH HOST KEY FINGERPRINTS-----
<14>Aug  8 17:10:58 ec2: 1024 SHA256:5BVCU4oQalrKBtsmECKa9EI51RgJ/vEDrkdKnkuqvII root@ubuntu-xenial (DSA)
<14>Aug  8 17:10:58 ec2: 256 SHA256:RVK3RPWVgJv9jx68mxyWdjvtVO7Qastb1cecV5qN5Ck root@ubuntu-xenial (ECDSA)
<14>Aug  8 17:10:58 ec2: 256 SHA256:/MGdYa7ZFWLrZC78tnJ1fr9pb+f/6Gsnil5uL+JeIUI root@ubuntu-xenial (ED25519)
<14>Aug  8 17:10:58 ec2: 2048 SHA256:9bpkV8O63aIK3DXW2QccbgMDgsspDkYklMjsThKfFH4 root@ubuntu-xenial (RSA)
<14>Aug  8 17:10:58 ec2: -----END SSH HOST KEY FINGERPRINTS-----
<14>Aug  8 17:10:58 ec2: #############################################################
-----BEGIN SSH HOST KEY KEYS-----
ecdsa-sha2-nistp256 AAAAE2VjZHNhLXNoYTItbmlzdHAyNTYAAAAIbmlzdHAyNTYAAABBBNfTtDvykfFC+bUV7NWmynIieLTqo5JMuOOjIjbeQaePI28pkgW9y5cJXX1AXNvsJAAIe8aWbG5pjd3IEQGhyEQ= root@ubuntu-xenial
ssh-ed25519 AAAAC3NzaC1lZDI1NTE5AAAAIA27ZIyxqjWgIDHySIb0/yut6ynnsG7Y8MMwGt1hfsC8 root@ubuntu-xenial
ssh-rsa AAAAB3NzaC1yc2EAAAADAQABAAABAQDkCmYHhyj24hVUxCkp6IN0c5BZjHzvRSMTSKmHV/JclPy+qwVl/QOCU8zgduzNJ5HA3DZggQ4F634rLDOt3ws5fjt/XJcXS9eRXLaun22LEzB+P6OxVAcPkIYyGZa8+/x4dcj30SAbERg7pLwYKuf3XazohJqfYMCNTGbveElGLq5S4kRDQY4z0JYAgYyJcbSBZDAg/T6yGvjxJvPXe4f+GD8PSxujLBYFqkk13hEbFYJfVFwJxkIx0lJ7fkaYfkRPCfBxdmI0Wl6lwzXhu6FIyFw2XISvfLRqaUVbNN2nDW8MY/t6zi/4NslT+19rvG2kJUVqU5ooCR3kGJvJB3r5 root@ubuntu-xenial
-----END SSH HOST KEY KEYS-----
[   45.537520] cloud-init[1553]: Cloud-init v. 19.1-1-gbaa47854-0ubuntu1~16.04.1 running 'modules:final' at Thu, 08 Aug 2019 17:10:57 +0000. Up 44.65 seconds.
[   45.538930] cloud-init[1553]: ci-info: no authorized ssh keys fingerprints found for user ubuntu.
[   45.539685] cloud-init[1553]: Cloud-init v. 19.1-1-gbaa47854-0ubuntu1~16.04.1 finished at Thu, 08 Aug 2019 17:10:58 +0000. Datasource DataSourceNoCloud [seed=/dev/sdb][dsmode=net].  Up 45.50 seconds
[[0;32m  OK  [0m] Stopped target Graphical Interface.
         Stopping User Manager for UID 1000...
         Stopping Authenticate and Authorize Users to Run Privileged Tasks...
[[0;32m  OK  [0m] Stopped target Cloud-init target.
[[0;32m  OK  [0m] Stopped Execute cloud user/final scripts.
[[0;32m  OK  [0m] Stopped Apply the settings specified in cloud-config.
[[0;32m  OK  [0m] Closed Load/Save RF Kill Switch Status /dev/rfkill Watch.
         Stopping Accounts Service...
         Stopping ACPI event daemon...
[[0;32m  OK  [0m] Stopped target Timers.
[[0;32m  OK  [0m] Stopped Daily apt upgrade and clean activities.
[[0;32m  OK  [0m] Stopped Daily apt download activities.
[[0;32m  OK  [0m] Stopped target System Time Synchronized.
[[0;32m  OK  [0m] Stopped target Cloud-config availability.
         Stopping Session 3 of user vagrant.
[[0;32m  OK  [0m] Stopped Daily Cleanup of Temporary Directories.
[[0;32m  OK  [0m] Stopped target Multi-User System.
         Stopping System Logging Service...
         Stopping Unattended Upgrades Shutdown...
         Stopping D-Bus System Message Bus...
         Stopping LSB: Record successful boot for GRUB...
         Stopping OpenBSD Secure Shell server...
         Stopping Deferred execution scheduler...
         Stopping Regular background program processing daemon...
         Stopping Virtualbox guest utils...
[[0;32m  OK  [0m] Stopped target Login Prompts.
         Stopping Serial Getty on ttyS0...
         Stopping Getty on tty1...
         Stopping FUSE filesystem for LXC...
         Stopping LXD - container startup/shutdown...
         Stopping LSB: automatic crash report generation...
         Stopping LSB: daemon to balance interrupts for SMP systems...
         Stopping LSB: Set the CPU Frequency Scaling governor to "ondemand"...
[[0;32m  OK  [0m] Stopped Wait until snapd is fully seeded.
         Stopping LSB: MD monitoring daemon...
[[0;32m  OK  [0m] Unmounted /var/lib/lxcfs.
[[0;32m  OK  [0m] Stopped ACPI event daemon.
[[0;32m  OK  [0m] Stopped Accounts Service.
[[0;32m  OK  [0m] Stopped Regular background program processing daemon.
[[0;32m  OK  [0m] Stopped Deferred execution scheduler.
[[0;32m  OK  [0m] Stopped System Logging Service.
[[0;32m  OK  [0m] Stopped Unattended Upgrades Shutdown.
[[0;32m  OK  [0m] Stopped Authenticate and Authorize Users to Run Privileged Tasks.
[[0;32m  OK  [0m] Stopped Getty on tty1.
[[0;32m  OK  [0m] Stopped Serial Getty on ttyS0.
[[0;32m  OK  [0m] Stopped OpenBSD Secure Shell server.
[[0;32m  OK  [0m] Stopped User Manager for UID 1000.
[[0;32m  OK  [0m] Stopped D-Bus System Message Bus.
[[0;32m  OK  [0m] Stopped Session 3 of user vagrant.
[[0;32m  OK  [0m] Stopped FUSE filesystem for LXC.
[[0;32m  OK  [0m] Stopped LXD - container startup/shutdown.
[[0;32m  OK  [0m] Removed slice User Slice of vagrant.
[[0;32m  OK  [0m] Removed slice system-serial\x2dgetty.slice.
         Stopping Permit User Sessions...
[[0;32m  OK  [0m] Stopped /etc/rc.local Compatibility.
[[0;32m  OK  [0m] Removed slice system-getty.slice.
         Stopping Login Service...
[[0;32m  OK  [0m] Stopped LSB: Record successful boot for GRUB.
[[0;32m  OK  [0m] Stopped LSB: Set the CPU Frequency Scaling governor to "ondemand".
[[0;32m  OK  [0m] Stopped LSB: daemon to balance interrupts for SMP systems.
[[0;32m  OK  [0m] Stopped Login Service.
[[0;32m  OK  [0m] Stopped Virtualbox guest utils.
[[0;32m  OK  [0m] Stopped LSB: automatic crash report generation.
[[0;32m  OK  [0m] Stopped LSB: MD monitoring daemon.
[[0;32m  OK  [0m] Stopped Permit User Sessions.
[[0;32m  OK  [0m] Stopped target User and Group Name Lookups.
[[0;32m  OK  [0m] Stopped target Remote File Systems.
[[0;32m  OK  [0m] Stopped target Remote File Systems (Pre).
         Stopping Login to default iSCSI targets...
[[0;32m  OK  [0m] Stopped target Basic System.
[[0;32m  OK  [0m] Stopped target Paths.
[[0;32m  OK  [0m] Stopped Dispatch Password Requests to Console Directory Watch.
[[0;32m  OK  [0m] Stopped Forward Password Requests to Wall Directory Watch.
[[0;32m  OK  [0m] Stopped ACPI Events Check.
[[0;32m  OK  [0m] Stopped target Slices.
[[0;32m  OK  [0m] Removed slice User and Session Slice.
[[0;32m  OK  [0m] Stopped target Sockets.
[[0;32m  OK  [0m] Closed Socket activation for snappy daemon.
[[0;32m  OK  [0m] Closed UUID daemon activation socket.
[[0;32m  OK  [0m] Closed D-Bus System Message Bus Socket.
[[0;32m  OK  [0m] Closed ACPID Listen Socket.
[[0;32m  OK  [0m] Closed Syslog Socket.
[[0;32m  OK  [0m] Closed LXD - unix socket.
[[0;32m  OK  [0m] Stopped target System Initialization.
[[0;32m  OK  [0m] Stopped Commit a transient machine-id on disk.
[[0;32m  OK  [0m] Stopped target Encrypted Volumes.
         Stopping Load/Save Random Seed...
[[0;32m  OK  [0m] Stopped target Swap.
         Stopping Update UTMP about System Boot/Shutdown...
[[0;32m  OK  [0m] Stopped Load/Save Random Seed.
[[0;32m  OK  [0m] Stopped Login to default iSCSI targets.
[[0;32m  OK  [0m] Stopped Update UTMP about System Boot/Shutdown.
[[0;32m  OK  [0m] Stopped Create Volatile Files and Directories.
         Stopping iSCSI initiator daemon (iscsid)...
[[0;32m  OK  [0m] Stopped iSCSI initiator daemon (iscsid).
[[0;32m  OK  [0m] Stopped target Network is Online.
[[0;32m  OK  [0m] Stopped target Network.
[[0;32m  OK  [0m] Stopped Initial cloud-init job (metadata service crawler).
         Stopping Raise network interfaces...
[[0;32m  OK  [0m] Stopped Raise network interfaces.
[[0;32m  OK  [0m] Stopped Apply Kernel Variables.
[[0;32m  OK  [0m] Stopped target Local File Systems.
         Unmounting /run/user/1000...
         Unmounting /vagrant...
[[0;32m  OK  [0m] Stopped Load Kernel Modules.
[[0;32m  OK  [0m] Stopped target Network (Pre).
[[0;32m  OK  [0m] Stopped Initial cloud-init job (pre-networking).
[[0;32m  OK  [0m] Unmounted /run/user/1000.
[[0;32m  OK  [0m] Unmounted /vagrant.
[[0;32m  OK  [0m] Reached target Unmount All Filesystems.
[[0;32m  OK  [0m] Stopped target Local File Systems (Pre).
         Stopping Monitoring of LVM2 mirrors... dmeventd or progress polling...
[[0;32m  OK  [0m] Stopped Create Static Device Nodes in /dev.
[[0;32m  OK  [0m] Stopped Remount Root and Kernel File Systems.
[[0;32m  OK  [0m] Reached target Shutdown.
[  139.687910] reboot: Power down
